<?xml version="1.0" encoding="utf-8"?>
<test-run id="2" name="nunitlite.tests.exe" fullname="nunitlite.tests.exe" testcasecount="358" result="Skipped" label="Ignored" start-time="2018-11-19 23:04:09Z" end-time="2018-11-19 23:04:12Z" duration="3.193473" total="358" passed="357" failed="0" inconclusive="0" skipped="1" asserts="714" random-seed="1150293269">
  <command-line><![CDATA["D:\Harry University\1 Технологии программирования\LR5\packages\NUnit.3.11.0\bin\net40\nunitlite.tests.exe" ]]></command-line>
  <filter />
  <test-suite type="Assembly" id="1402" name="nunitlite.tests.exe" fullname="nunitlite.tests.exe" runstate="Runnable" testcasecount="358" result="Skipped" label="Ignored" site="Child" start-time="2018-11-19 23:04:09Z" end-time="2018-11-19 23:04:12Z" duration="3.193473" total="358" passed="357" failed="0" warnings="0" inconclusive="0" skipped="1" asserts="714">
    <environment framework-version="3.11.0.0" clr-version="4.0.30319.42000" os-version="Microsoft Windows NT 10.0.17134" platform="Win32NT" cwd="d:\Harry University\1 Технологии программирования\LR5\packages\NUnit.3.11.0\bin\net40" machine-name="HARRYPC" user="Harry PC" user-domain="HarryPC" culture="ru-RU" uiculture="ru-RU" os-architecture="x64" />
    <settings>
      <setting name="WorkDirectory" value="d:\Harry University\1 Технологии программирования\LR5\packages\NUnit.3.11.0\bin\net40" />
      <setting name="NumberOfTestWorkers" value="4" />
    </settings>
    <properties>
      <property name="ParallelScope" value="Fixtures" />
      <property name="_PID" value="16308" />
      <property name="_APPDOMAIN" value="nunitlite.tests.exe" />
    </properties>
    <reason>
      <message><![CDATA[One or more child tests were ignored]]></message>
    </reason>
    <test-suite type="TestSuite" id="1403" name="NUnit" fullname="NUnit" runstate="Runnable" testcasecount="79" result="Passed" start-time="2018-11-19 23:04:09Z" end-time="2018-11-19 23:04:10Z" duration="0.943827" total="79" passed="79" failed="0" warnings="0" inconclusive="0" skipped="0" asserts="181">
      <test-suite type="TestSuite" id="1406" name="ConsoleRunner" fullname="NUnit.ConsoleRunner" runstate="Runnable" testcasecount="2" result="Passed" start-time="2018-11-19 23:04:09Z" end-time="2018-11-19 23:04:10Z" duration="0.238709" total="2" passed="2" failed="0" warnings="0" inconclusive="0" skipped="0" asserts="2">
        <test-suite type="TestSuite" id="1407" name="Tests" fullname="NUnit.ConsoleRunner.Tests" runstate="Runnable" testcasecount="2" result="Passed" start-time="2018-11-19 23:04:09Z" end-time="2018-11-19 23:04:10Z" duration="0.238667" total="2" passed="2" failed="0" warnings="0" inconclusive="0" skipped="0" asserts="2">
          <test-suite type="TestFixture" id="1086" name="DefaultOptionsProviderTests" fullname="NUnit.ConsoleRunner.Tests.DefaultOptionsProviderTests" classname="NUnit.ConsoleRunner.Tests.DefaultOptionsProviderTests" runstate="Runnable" testcasecount="2" result="Passed" start-time="2018-11-19 23:04:09Z" end-time="2018-11-19 23:04:10Z" duration="0.047417" total="2" passed="2" failed="0" warnings="0" inconclusive="0" skipped="0" asserts="2">
            <test-case id="1088" name="ShouldRetTeamCityAsFalseWhenHasNotEnvironmentVariable_TEAMCITY_PROJECT_NAME" fullname="NUnit.ConsoleRunner.Tests.DefaultOptionsProviderTests.ShouldRetTeamCityAsFalseWhenHasNotEnvironmentVariable_TEAMCITY_PROJECT_NAME" methodname="ShouldRetTeamCityAsFalseWhenHasNotEnvironmentVariable_TEAMCITY_PROJECT_NAME" classname="NUnit.ConsoleRunner.Tests.DefaultOptionsProviderTests" runstate="Runnable" seed="691320545" result="Passed" start-time="2018-11-19 23:04:09Z" end-time="2018-11-19 23:04:10Z" duration="0.044783" asserts="1" />
            <test-case id="1087" name="ShouldRetTeamCityAsTrueWhenHasEnvironmentVariable_TEAMCITY_PROJECT_NAME" fullname="NUnit.ConsoleRunner.Tests.DefaultOptionsProviderTests.ShouldRetTeamCityAsTrueWhenHasEnvironmentVariable_TEAMCITY_PROJECT_NAME" methodname="ShouldRetTeamCityAsTrueWhenHasEnvironmentVariable_TEAMCITY_PROJECT_NAME" classname="NUnit.ConsoleRunner.Tests.DefaultOptionsProviderTests" runstate="Runnable" seed="1232882864" result="Passed" start-time="2018-11-19 23:04:10Z" end-time="2018-11-19 23:04:10Z" duration="0.002027" asserts="1" />
          </test-suite>
        </test-suite>
      </test-suite>
      <test-suite type="TestSuite" id="1404" name="Common" fullname="NUnit.Common" runstate="Runnable" testcasecount="77" result="Passed" start-time="2018-11-19 23:04:09Z" end-time="2018-11-19 23:04:10Z" duration="0.942442" total="77" passed="77" failed="0" warnings="0" inconclusive="0" skipped="0" asserts="179">
        <test-suite type="TestSuite" id="1405" name="Tests" fullname="NUnit.Common.Tests" runstate="Runnable" testcasecount="77" result="Passed" start-time="2018-11-19 23:04:09Z" end-time="2018-11-19 23:04:10Z" duration="0.942213" total="77" passed="77" failed="0" warnings="0" inconclusive="0" skipped="0" asserts="179">
          <test-suite type="TestFixture" id="1000" name="ExtendedTextWrapperTests" fullname="NUnit.Common.Tests.ExtendedTextWrapperTests" classname="NUnit.Common.Tests.ExtendedTextWrapperTests" runstate="Runnable" testcasecount="8" result="Passed" start-time="2018-11-19 23:04:09Z" end-time="2018-11-19 23:04:09Z" duration="0.183530" total="8" passed="8" failed="0" warnings="0" inconclusive="0" skipped="0" asserts="8">
            <test-case id="1001" name="Write" fullname="NUnit.Common.Tests.ExtendedTextWrapperTests.Write" methodname="Write" classname="NUnit.Common.Tests.ExtendedTextWrapperTests" runstate="Runnable" seed="1873294443" result="Passed" start-time="2018-11-19 23:04:09Z" end-time="2018-11-19 23:04:09Z" duration="0.055916" asserts="1" />
            <test-case id="1002" name="Write_ColorStyle" fullname="NUnit.Common.Tests.ExtendedTextWrapperTests.Write_ColorStyle" methodname="Write_ColorStyle" classname="NUnit.Common.Tests.ExtendedTextWrapperTests" runstate="Runnable" seed="516377847" result="Passed" start-time="2018-11-19 23:04:09Z" end-time="2018-11-19 23:04:09Z" duration="0.000988" asserts="1" />
            <test-case id="1005" name="WriteLabel" fullname="NUnit.Common.Tests.ExtendedTextWrapperTests.WriteLabel" methodname="WriteLabel" classname="NUnit.Common.Tests.ExtendedTextWrapperTests" runstate="Runnable" seed="1621215674" result="Passed" start-time="2018-11-19 23:04:09Z" end-time="2018-11-19 23:04:09Z" duration="0.001141" asserts="1" />
            <test-case id="1006" name="WriteLabel_ColorStyle" fullname="NUnit.Common.Tests.ExtendedTextWrapperTests.WriteLabel_ColorStyle" methodname="WriteLabel_ColorStyle" classname="NUnit.Common.Tests.ExtendedTextWrapperTests" runstate="Runnable" seed="486867743" result="Passed" start-time="2018-11-19 23:04:09Z" end-time="2018-11-19 23:04:09Z" duration="0.004585" asserts="1" />
            <test-case id="1007" name="WriteLabelLine" fullname="NUnit.Common.Tests.ExtendedTextWrapperTests.WriteLabelLine" methodname="WriteLabelLine" classname="NUnit.Common.Tests.ExtendedTextWrapperTests" runstate="Runnable" seed="1983393933" result="Passed" start-time="2018-11-19 23:04:09Z" end-time="2018-11-19 23:04:09Z" duration="0.001410" asserts="1" />
            <test-case id="1008" name="WriteLabelLine_ColorStyle" fullname="NUnit.Common.Tests.ExtendedTextWrapperTests.WriteLabelLine_ColorStyle" methodname="WriteLabelLine_ColorStyle" classname="NUnit.Common.Tests.ExtendedTextWrapperTests" runstate="Runnable" seed="582349303" result="Passed" start-time="2018-11-19 23:04:09Z" end-time="2018-11-19 23:04:09Z" duration="0.001197" asserts="1" />
            <test-case id="1003" name="WriteLine" fullname="NUnit.Common.Tests.ExtendedTextWrapperTests.WriteLine" methodname="WriteLine" classname="NUnit.Common.Tests.ExtendedTextWrapperTests" runstate="Runnable" seed="445448814" result="Passed" start-time="2018-11-19 23:04:09Z" end-time="2018-11-19 23:04:09Z" duration="0.000838" asserts="1" />
            <test-case id="1004" name="WriteLine_ColorStyle" fullname="NUnit.Common.Tests.ExtendedTextWrapperTests.WriteLine_ColorStyle" methodname="WriteLine_ColorStyle" classname="NUnit.Common.Tests.ExtendedTextWrapperTests" runstate="Runnable" seed="1191440126" result="Passed" start-time="2018-11-19 23:04:09Z" end-time="2018-11-19 23:04:09Z" duration="0.000579" asserts="1" />
          </test-suite>
          <test-suite type="TestFixture" id="1016" name="TestNameParserTests" fullname="NUnit.Common.Tests.TestNameParserTests" classname="NUnit.Common.Tests.TestNameParserTests" runstate="Runnable" testcasecount="13" result="Passed" start-time="2018-11-19 23:04:09Z" end-time="2018-11-19 23:04:09Z" duration="0.191389" total="13" passed="13" failed="0" warnings="0" inconclusive="0" skipped="0" asserts="30">
            <test-suite type="ParameterizedMethod" id="1026" name="SingleName" fullname="NUnit.Common.Tests.TestNameParserTests.SingleName" classname="NUnit.Common.Tests.TestNameParserTests" runstate="Runnable" testcasecount="9" result="Passed" start-time="2018-11-19 23:04:09Z" end-time="2018-11-19 23:04:09Z" duration="0.166335" total="9" passed="9" failed="0" warnings="0" inconclusive="0" skipped="0" asserts="18">
              <test-case id="1017" name="SingleName(&quot;Test.Namespace.Fixture.Method&quot;)" fullname="NUnit.Common.Tests.TestNameParserTests.SingleName(&quot;Test.Namespace.Fixture.Method&quot;)" methodname="SingleName" classname="NUnit.Common.Tests.TestNameParserTests" runstate="Runnable" seed="1667643667" result="Passed" start-time="2018-11-19 23:04:09Z" end-time="2018-11-19 23:04:09Z" duration="0.163968" asserts="2" />
              <test-case id="1018" name="SingleName(&quot;Test.Namespace.Fixture.Method,&quot;)" fullname="NUnit.Common.Tests.TestNameParserTests.SingleName(&quot;Test.Namespace.Fixture.Method,&quot;)" methodname="SingleName" classname="NUnit.Common.Tests.TestNameParserTests" runstate="Runnable" seed="626025617" result="Passed" start-time="2018-11-19 23:04:09Z" end-time="2018-11-19 23:04:09Z" duration="0.000151" asserts="2" />
              <test-case id="1019" name="SingleName(&quot;  Test.Namespace.Fixture.Method  &quot;)" fullname="NUnit.Common.Tests.TestNameParserTests.SingleName(&quot;  Test.Namespace.Fixture.Method  &quot;)" methodname="SingleName" classname="NUnit.Common.Tests.TestNameParserTests" runstate="Runnable" seed="1800678894" result="Passed" start-time="2018-11-19 23:04:09Z" end-time="2018-11-19 23:04:09Z" duration="0.000119" asserts="2" />
              <test-case id="1020" name="SingleName(&quot;  Test.Namespace.Fixture.Method  ,&quot;)" fullname="NUnit.Common.Tests.TestNameParserTests.SingleName(&quot;  Test.Namespace.Fixture.Method  ,&quot;)" methodname="SingleName" classname="NUnit.Common.Tests.TestNameParserTests" runstate="Runnable" seed="372286141" result="Passed" start-time="2018-11-19 23:04:09Z" end-time="2018-11-19 23:04:09Z" duration="0.000116" asserts="2" />
              <test-case id="1021" name="SingleName(&quot;Test.Namespace.Fixture.Method()&quot;)" fullname="NUnit.Common.Tests.TestNameParserTests.SingleName(&quot;Test.Namespace.Fixture.Method()&quot;)" methodname="SingleName" classname="NUnit.Common.Tests.TestNameParserTests" runstate="Runnable" seed="150609811" result="Passed" start-time="2018-11-19 23:04:09Z" end-time="2018-11-19 23:04:09Z" duration="0.000115" asserts="2" />
              <test-case id="1022" name="SingleName(&quot;Test.Namespace.Fixture.Method(\&quot;string,argument\&quot;)&quot;)" fullname="NUnit.Common.Tests.TestNameParserTests.SingleName(&quot;Test.Namespace.Fixture.Method(\&quot;string,argument\&quot;)&quot;)" methodname="SingleName" classname="NUnit.Common.Tests.TestNameParserTests" runstate="Runnable" seed="361640433" result="Passed" start-time="2018-11-19 23:04:09Z" end-time="2018-11-19 23:04:09Z" duration="0.000249" asserts="2" />
              <test-case id="1023" name="SingleName(&quot;Test.Namespace.Fixture.Method(1,2,3)&quot;)" fullname="NUnit.Common.Tests.TestNameParserTests.SingleName(&quot;Test.Namespace.Fixture.Method(1,2,3)&quot;)" methodname="SingleName" classname="NUnit.Common.Tests.TestNameParserTests" runstate="Runnable" seed="1968255383" result="Passed" start-time="2018-11-19 23:04:09Z" end-time="2018-11-19 23:04:09Z" duration="0.000128" asserts="2" />
              <test-case id="1024" name="SingleName(&quot;Test.Namespace.Fixture.Method&lt;int,int&gt;()&quot;)" fullname="NUnit.Common.Tests.TestNameParserTests.SingleName(&quot;Test.Namespace.Fixture.Method&lt;int,int&gt;()&quot;)" methodname="SingleName" classname="NUnit.Common.Tests.TestNameParserTests" runstate="Runnable" seed="604660324" result="Passed" start-time="2018-11-19 23:04:09Z" end-time="2018-11-19 23:04:09Z" duration="0.000121" asserts="2" />
              <test-case id="1025" name="SingleName(&quot;Test.Namespace.Fixture.Method(\&quot;)\&quot;)&quot;)" fullname="NUnit.Common.Tests.TestNameParserTests.SingleName(&quot;Test.Namespace.Fixture.Method(\&quot;)\&quot;)&quot;)" methodname="SingleName" classname="NUnit.Common.Tests.TestNameParserTests" runstate="Runnable" seed="798718009" result="Passed" start-time="2018-11-19 23:04:09Z" end-time="2018-11-19 23:04:09Z" duration="0.000120" asserts="2" />
            </test-suite>
            <test-suite type="ParameterizedMethod" id="1031" name="TwoNames" fullname="NUnit.Common.Tests.TestNameParserTests.TwoNames" classname="NUnit.Common.Tests.TestNameParserTests" runstate="Runnable" testcasecount="4" result="Passed" start-time="2018-11-19 23:04:09Z" end-time="2018-11-19 23:04:09Z" duration="0.002072" total="4" passed="4" failed="0" warnings="0" inconclusive="0" skipped="0" asserts="12">
              <test-case id="1027" name="TwoNames(&quot;Test.Namespace.Fixture.Method1&quot;,&quot;Test.Namespace.Fixture.Method2&quot;)" fullname="NUnit.Common.Tests.TestNameParserTests.TwoNames(&quot;Test.Namespace.Fixture.Method1&quot;,&quot;Test.Namespace.Fixture.Method2&quot;)" methodname="TwoNames" classname="NUnit.Common.Tests.TestNameParserTests" runstate="Runnable" seed="589550576" result="Passed" start-time="2018-11-19 23:04:09Z" end-time="2018-11-19 23:04:09Z" duration="0.001570" asserts="3" />
              <test-case id="1028" name="TwoNames(&quot;Test.Namespace.Fixture.Method1&quot;,&quot;Test.Namespace.Fixture.Method2,&quot;)" fullname="NUnit.Common.Tests.TestNameParserTests.TwoNames(&quot;Test.Namespace.Fixture.Method1&quot;,&quot;Test.Namespace.Fixture.Method2,&quot;)" methodname="TwoNames" classname="NUnit.Common.Tests.TestNameParserTests" runstate="Runnable" seed="267628585" result="Passed" start-time="2018-11-19 23:04:09Z" end-time="2018-11-19 23:04:09Z" duration="0.000136" asserts="3" />
              <test-case id="1029" name="TwoNames(&quot;Test.Namespace.Fixture.Method1(1,2)&quot;,&quot;Test.Namespace.Fixture.Method2(3,4)&quot;)" fullname="NUnit.Common.Tests.TestNameParserTests.TwoNames(&quot;Test.Namespace.Fixture.Method1(1,2)&quot;,&quot;Test.Namespace.Fixture.Method2(3,4)&quot;)" methodname="TwoNames" classname="NUnit.Common.Tests.TestNameParserTests" runstate="Runnable" seed="2057748067" result="Passed" start-time="2018-11-19 23:04:09Z" end-time="2018-11-19 23:04:09Z" duration="0.000124" asserts="3" />
              <test-case id="1030" name="TwoNames(&quot;Test.Namespace.Fixture.Method1(\&quot;(\&quot;)&quot;,&quot;Test.Namespace.Fixture.Method2(\&quot;&lt;\&quot;)&quot;)" fullname="NUnit.Common.Tests.TestNameParserTests.TwoNames(&quot;Test.Namespace.Fixture.Method1(\&quot;(\&quot;)&quot;,&quot;Test.Namespace.Fixture.Method2(\&quot;&lt;\&quot;)&quot;)" methodname="TwoNames" classname="NUnit.Common.Tests.TestNameParserTests" runstate="Runnable" seed="380259450" result="Passed" start-time="2018-11-19 23:04:09Z" end-time="2018-11-19 23:04:09Z" duration="0.000111" asserts="3" />
            </test-suite>
          </test-suite>
          <test-suite type="TestFixture" id="1009" name="OutputSpecificationTests" fullname="NUnit.Common.Tests.OutputSpecificationTests" classname="NUnit.Common.Tests.OutputSpecificationTests" runstate="Runnable" testcasecount="6" result="Passed" start-time="2018-11-19 23:04:09Z" end-time="2018-11-19 23:04:10Z" duration="0.371431" total="6" passed="6" failed="0" warnings="0" inconclusive="0" skipped="0" asserts="8">
            <test-case id="1013" name="FileNameOnly" fullname="NUnit.Common.Tests.OutputSpecificationTests.FileNameOnly" methodname="FileNameOnly" classname="NUnit.Common.Tests.OutputSpecificationTests" runstate="Runnable" seed="1514740119" result="Passed" start-time="2018-11-19 23:04:09Z" end-time="2018-11-19 23:04:09Z" duration="0.041371" asserts="2" />
            <test-case id="1014" name="FileNamePlusFormat" fullname="NUnit.Common.Tests.OutputSpecificationTests.FileNamePlusFormat" methodname="FileNamePlusFormat" classname="NUnit.Common.Tests.OutputSpecificationTests" runstate="Runnable" seed="21785723" result="Passed" start-time="2018-11-19 23:04:09Z" end-time="2018-11-19 23:04:09Z" duration="0.000648" asserts="2" />
            <test-case id="1015" name="MultipleFormatSpecifiersNotAllowed" fullname="NUnit.Common.Tests.OutputSpecificationTests.MultipleFormatSpecifiersNotAllowed" methodname="MultipleFormatSpecifiersNotAllowed" classname="NUnit.Common.Tests.OutputSpecificationTests" runstate="Runnable" seed="607664151" result="Passed" start-time="2018-11-19 23:04:09Z" end-time="2018-11-19 23:04:10Z" duration="0.151401" asserts="1" />
            <test-case id="1010" name="SpecMayNotBeNull" fullname="NUnit.Common.Tests.OutputSpecificationTests.SpecMayNotBeNull" methodname="SpecMayNotBeNull" classname="NUnit.Common.Tests.OutputSpecificationTests" runstate="Runnable" seed="63751850" result="Passed" start-time="2018-11-19 23:04:10Z" end-time="2018-11-19 23:04:10Z" duration="0.001335" asserts="1" />
            <test-case id="1011" name="SpecOptionMustContainEqualSign" fullname="NUnit.Common.Tests.OutputSpecificationTests.SpecOptionMustContainEqualSign" methodname="SpecOptionMustContainEqualSign" classname="NUnit.Common.Tests.OutputSpecificationTests" runstate="Runnable" seed="1320788892" result="Passed" start-time="2018-11-19 23:04:10Z" end-time="2018-11-19 23:04:10Z" duration="0.001321" asserts="1" />
            <test-case id="1012" name="SpecOptionMustContainJustOneEqualSign" fullname="NUnit.Common.Tests.OutputSpecificationTests.SpecOptionMustContainJustOneEqualSign" methodname="SpecOptionMustContainJustOneEqualSign" classname="NUnit.Common.Tests.OutputSpecificationTests" runstate="Runnable" seed="2144858008" result="Passed" start-time="2018-11-19 23:04:10Z" end-time="2018-11-19 23:04:10Z" duration="0.110277" asserts="1" />
          </test-suite>
          <test-suite type="TestFixture" id="1032" name="TestSelectionParserTests" fullname="NUnit.Common.Tests.TestSelectionParserTests" classname="NUnit.Common.Tests.TestSelectionParserTests" runstate="Runnable" testcasecount="38" result="Passed" start-time="2018-11-19 23:04:09Z" end-time="2018-11-19 23:04:10Z" duration="0.878021" total="38" passed="38" failed="0" warnings="0" inconclusive="0" skipped="0" asserts="72">
            <test-suite type="ParameterizedMethod" id="1067" name="TestParser" fullname="NUnit.Common.Tests.TestSelectionParserTests.TestParser" classname="NUnit.Common.Tests.TestSelectionParserTests" runstate="Runnable" testcasecount="34" result="Passed" start-time="2018-11-19 23:04:09Z" end-time="2018-11-19 23:04:10Z" duration="0.690320" total="34" passed="34" failed="0" warnings="0" inconclusive="0" skipped="0" asserts="68">
              <test-case id="1033" name="TestParser(&quot;cat=Urgent&quot;,&quot;&lt;cat&gt;Urgent&lt;/cat&gt;&quot;)" fullname="NUnit.Common.Tests.TestSelectionParserTests.TestParser(&quot;cat=Urgent&quot;,&quot;&lt;cat&gt;Urgent&lt;/cat&gt;&quot;)" methodname="TestParser" classname="NUnit.Common.Tests.TestSelectionParserTests" runstate="Runnable" seed="703057039" result="Passed" start-time="2018-11-19 23:04:09Z" end-time="2018-11-19 23:04:10Z" duration="0.671395" asserts="2" />
              <test-case id="1034" name="TestParser(&quot;cat==Urgent&quot;,&quot;&lt;cat&gt;Urgent&lt;/cat&gt;&quot;)" fullname="NUnit.Common.Tests.TestSelectionParserTests.TestParser(&quot;cat==Urgent&quot;,&quot;&lt;cat&gt;Urgent&lt;/cat&gt;&quot;)" methodname="TestParser" classname="NUnit.Common.Tests.TestSelectionParserTests" runstate="Runnable" seed="1170590679" result="Passed" start-time="2018-11-19 23:04:10Z" end-time="2018-11-19 23:04:10Z" duration="0.000389" asserts="2" />
              <test-case id="1035" name="TestParser(&quot;cat=='Urgent,+-!'&quot;,&quot;&lt;cat&gt;Urgent,+-!&lt;/cat&gt;&quot;)" fullname="NUnit.Common.Tests.TestSelectionParserTests.TestParser(&quot;cat=='Urgent,+-!'&quot;,&quot;&lt;cat&gt;Urgent,+-!&lt;/cat&gt;&quot;)" methodname="TestParser" classname="NUnit.Common.Tests.TestSelectionParserTests" runstate="Runnable" seed="1079059135" result="Passed" start-time="2018-11-19 23:04:10Z" end-time="2018-11-19 23:04:10Z" duration="0.000278" asserts="2" />
              <test-case id="1036" name="TestParser(&quot;cat!=Urgent&quot;,&quot;&lt;not&gt;&lt;cat&gt;Urgent&lt;/cat&gt;&lt;/not&gt;&quot;)" fullname="NUnit.Common.Tests.TestSelectionParserTests.TestParser(&quot;cat!=Urgent&quot;,&quot;&lt;not&gt;&lt;cat&gt;Urgent&lt;/cat&gt;&lt;/not&gt;&quot;)" methodname="TestParser" classname="NUnit.Common.Tests.TestSelectionParserTests" runstate="Runnable" seed="2012221543" result="Passed" start-time="2018-11-19 23:04:10Z" end-time="2018-11-19 23:04:10Z" duration="0.000275" asserts="2" />
              <test-case id="1037" name="TestParser(&quot;cat!='Urgent,+-!'&quot;,&quot;&lt;not&gt;&lt;cat&gt;Urgent,+-!&lt;/cat&gt;&lt;/not&gt;&quot;)" fullname="NUnit.Common.Tests.TestSelectionParserTests.TestParser(&quot;cat!='Urgent,+-!'&quot;,&quot;&lt;not&gt;&lt;cat&gt;Urgent,+-!&lt;/cat&gt;&lt;/not&gt;&quot;)" methodname="TestParser" classname="NUnit.Common.Tests.TestSelectionParserTests" runstate="Runnable" seed="1060628732" result="Passed" start-time="2018-11-19 23:04:10Z" end-time="2018-11-19 23:04:10Z" duration="0.000284" asserts="2" />
              <test-case id="1038" name="TestParser(&quot;cat =~ Urgent&quot;,&quot;&lt;cat re='1'&gt;Urgent&lt;/cat&gt;&quot;)" fullname="NUnit.Common.Tests.TestSelectionParserTests.TestParser(&quot;cat =~ Urgent&quot;,&quot;&lt;cat re='1'&gt;Urgent&lt;/cat&gt;&quot;)" methodname="TestParser" classname="NUnit.Common.Tests.TestSelectionParserTests" runstate="Runnable" seed="890893002" result="Passed" start-time="2018-11-19 23:04:10Z" end-time="2018-11-19 23:04:10Z" duration="0.000293" asserts="2" />
              <test-case id="1039" name="TestParser(&quot;cat =~ 'Urgent,+-!'&quot;,&quot;&lt;cat re='1'&gt;Urgent,+-!&lt;/cat&gt;&quot;)" fullname="NUnit.Common.Tests.TestSelectionParserTests.TestParser(&quot;cat =~ 'Urgent,+-!'&quot;,&quot;&lt;cat re='1'&gt;Urgent,+-!&lt;/cat&gt;&quot;)" methodname="TestParser" classname="NUnit.Common.Tests.TestSelectionParserTests" runstate="Runnable" seed="684255468" result="Passed" start-time="2018-11-19 23:04:10Z" end-time="2018-11-19 23:04:10Z" duration="0.000224" asserts="2" />
              <test-case id="1040" name="TestParser(&quot;cat =~ 'Urgent,\\+-!'&quot;,&quot;&lt;cat re='1'&gt;Urgent,+-!&lt;/cat&gt;&quot;)" fullname="NUnit.Common.Tests.TestSelectionParserTests.TestParser(&quot;cat =~ 'Urgent,\\+-!'&quot;,&quot;&lt;cat re='1'&gt;Urgent,+-!&lt;/cat&gt;&quot;)" methodname="TestParser" classname="NUnit.Common.Tests.TestSelectionParserTests" runstate="Runnable" seed="1190753363" result="Passed" start-time="2018-11-19 23:04:10Z" end-time="2018-11-19 23:04:10Z" duration="0.000218" asserts="2" />
              <test-case id="1041" name="TestParser(&quot;cat =~ 'Urgent,\\\\+-!'&quot;,&quot;&lt;cat re='1'&gt;Urgent,\\+-!&lt;/cat&gt;&quot;)" fullname="NUnit.Common.Tests.TestSelectionParserTests.TestParser(&quot;cat =~ 'Urgent,\\\\+-!'&quot;,&quot;&lt;cat re='1'&gt;Urgent,\\+-!&lt;/cat&gt;&quot;)" methodname="TestParser" classname="NUnit.Common.Tests.TestSelectionParserTests" runstate="Runnable" seed="523900338" result="Passed" start-time="2018-11-19 23:04:10Z" end-time="2018-11-19 23:04:10Z" duration="0.000327" asserts="2" />
              <test-case id="1042" name="TestParser(&quot;cat !~ Urgent&quot;,&quot;&lt;not&gt;&lt;cat re='1'&gt;Urgent&lt;/cat&gt;&lt;/not&gt;&quot;)" fullname="NUnit.Common.Tests.TestSelectionParserTests.TestParser(&quot;cat !~ Urgent&quot;,&quot;&lt;not&gt;&lt;cat re='1'&gt;Urgent&lt;/cat&gt;&lt;/not&gt;&quot;)" methodname="TestParser" classname="NUnit.Common.Tests.TestSelectionParserTests" runstate="Runnable" seed="606177664" result="Passed" start-time="2018-11-19 23:04:10Z" end-time="2018-11-19 23:04:10Z" duration="0.000229" asserts="2" />
              <test-case id="1043" name="TestParser(&quot;cat !~ 'Urgent,+-!'&quot;,&quot;&lt;not&gt;&lt;cat re='1'&gt;Urgent,+-!&lt;/cat&gt;&lt;/not&gt;&quot;)" fullname="NUnit.Common.Tests.TestSelectionParserTests.TestParser(&quot;cat !~ 'Urgent,+-!'&quot;,&quot;&lt;not&gt;&lt;cat re='1'&gt;Urgent,+-!&lt;/cat&gt;&lt;/not&gt;&quot;)" methodname="TestParser" classname="NUnit.Common.Tests.TestSelectionParserTests" runstate="Runnable" seed="785983190" result="Passed" start-time="2018-11-19 23:04:10Z" end-time="2018-11-19 23:04:10Z" duration="0.000220" asserts="2" />
              <test-case id="1044" name="TestParser(&quot;cat !~ 'Urgent,\\+-!'&quot;,&quot;&lt;not&gt;&lt;cat re='1'&gt;Urgent,+-!&lt;/cat&gt;&lt;/not&gt;&quot;)" fullname="NUnit.Common.Tests.TestSelectionParserTests.TestParser(&quot;cat !~ 'Urgent,\\+-!'&quot;,&quot;&lt;not&gt;&lt;cat re='1'&gt;Urgent,+-!&lt;/cat&gt;&lt;/not&gt;&quot;)" methodname="TestParser" classname="NUnit.Common.Tests.TestSelectionParserTests" runstate="Runnable" seed="1490295904" result="Passed" start-time="2018-11-19 23:04:10Z" end-time="2018-11-19 23:04:10Z" duration="0.000231" asserts="2" />
              <test-case id="1045" name="TestParser(&quot;cat !~ 'Urgent,\\\\+-!'&quot;,&quot;&lt;not&gt;&lt;cat re='1'&gt;Urgent,\\+-!&lt;/cat&gt;&lt;/not&gt;&quot;)" fullname="NUnit.Common.Tests.TestSelectionParserTests.TestParser(&quot;cat !~ 'Urgent,\\\\+-!'&quot;,&quot;&lt;not&gt;&lt;cat re='1'&gt;Urgent,\\+-!&lt;/cat&gt;&lt;/not&gt;&quot;)" methodname="TestParser" classname="NUnit.Common.Tests.TestSelectionParserTests" runstate="Runnable" seed="1666071101" result="Passed" start-time="2018-11-19 23:04:10Z" end-time="2018-11-19 23:04:10Z" duration="0.000267" asserts="2" />
              <test-case id="1046" name="TestParser(&quot;cat = Urgent || cat = High&quot;,&quot;&lt;or&gt;&lt;cat&gt;Urgent&lt;/cat&gt;&lt;cat&gt;High&lt;/cat&gt;&lt;/or&gt;&quot;)" fullname="NUnit.Common.Tests.TestSelectionParserTests.TestParser(&quot;cat = Urgent || cat = High&quot;,&quot;&lt;or&gt;&lt;cat&gt;Urgent&lt;/cat&gt;&lt;cat&gt;High&lt;/cat&gt;&lt;/or&gt;&quot;)" methodname="TestParser" classname="NUnit.Common.Tests.TestSelectionParserTests" runstate="Runnable" seed="892177202" result="Passed" start-time="2018-11-19 23:04:10Z" end-time="2018-11-19 23:04:10Z" duration="0.000226" asserts="2" />
              <test-case id="1047" name="TestParser(&quot;Priority == High&quot;,&quot;&lt;prop name='Priority'&gt;High&lt;/prop&gt;&quot;)" fullname="NUnit.Common.Tests.TestSelectionParserTests.TestParser(&quot;Priority == High&quot;,&quot;&lt;prop name='Priority'&gt;High&lt;/prop&gt;&quot;)" methodname="TestParser" classname="NUnit.Common.Tests.TestSelectionParserTests" runstate="Runnable" seed="1124792872" result="Passed" start-time="2018-11-19 23:04:10Z" end-time="2018-11-19 23:04:10Z" duration="0.001570" asserts="2" />
              <test-case id="1048" name="TestParser(&quot;Priority != Urgent&quot;,&quot;&lt;not&gt;&lt;prop name='Priority'&gt;Urgent&lt;/prop&gt;&lt;/not&gt;&quot;)" fullname="NUnit.Common.Tests.TestSelectionParserTests.TestParser(&quot;Priority != Urgent&quot;,&quot;&lt;not&gt;&lt;prop name='Priority'&gt;Urgent&lt;/prop&gt;&lt;/not&gt;&quot;)" methodname="TestParser" classname="NUnit.Common.Tests.TestSelectionParserTests" runstate="Runnable" seed="2024677566" result="Passed" start-time="2018-11-19 23:04:10Z" end-time="2018-11-19 23:04:10Z" duration="0.000299" asserts="2" />
              <test-case id="1049" name="TestParser(&quot;Author =~ Jones&quot;,&quot;&lt;prop name='Author' re='1'&gt;Jones&lt;/prop&gt;&quot;)" fullname="NUnit.Common.Tests.TestSelectionParserTests.TestParser(&quot;Author =~ Jones&quot;,&quot;&lt;prop name='Author' re='1'&gt;Jones&lt;/prop&gt;&quot;)" methodname="TestParser" classname="NUnit.Common.Tests.TestSelectionParserTests" runstate="Runnable" seed="1279328725" result="Passed" start-time="2018-11-19 23:04:10Z" end-time="2018-11-19 23:04:10Z" duration="0.000272" asserts="2" />
              <test-case id="1050" name="TestParser(&quot;Author !~ Jones&quot;,&quot;&lt;not&gt;&lt;prop name='Author' re='1'&gt;Jones&lt;/prop&gt;&lt;/not&gt;&quot;)" fullname="NUnit.Common.Tests.TestSelectionParserTests.TestParser(&quot;Author !~ Jones&quot;,&quot;&lt;not&gt;&lt;prop name='Author' re='1'&gt;Jones&lt;/prop&gt;&lt;/not&gt;&quot;)" methodname="TestParser" classname="NUnit.Common.Tests.TestSelectionParserTests" runstate="Runnable" seed="1465841633" result="Passed" start-time="2018-11-19 23:04:10Z" end-time="2018-11-19 23:04:10Z" duration="0.000343" asserts="2" />
              <test-case id="1051" name="TestParser(&quot;name='SomeTest'&quot;,&quot;&lt;name&gt;SomeTest&lt;/name&gt;&quot;)" fullname="NUnit.Common.Tests.TestSelectionParserTests.TestParser(&quot;name='SomeTest'&quot;,&quot;&lt;name&gt;SomeTest&lt;/name&gt;&quot;)" methodname="TestParser" classname="NUnit.Common.Tests.TestSelectionParserTests" runstate="Runnable" seed="787841681" result="Passed" start-time="2018-11-19 23:04:10Z" end-time="2018-11-19 23:04:10Z" duration="0.000509" asserts="2" />
              <test-case id="1052" name="TestParser(&quot;method=TestMethod&quot;,&quot;&lt;method&gt;TestMethod&lt;/method&gt;&quot;)" fullname="NUnit.Common.Tests.TestSelectionParserTests.TestParser(&quot;method=TestMethod&quot;,&quot;&lt;method&gt;TestMethod&lt;/method&gt;&quot;)" methodname="TestParser" classname="NUnit.Common.Tests.TestSelectionParserTests" runstate="Runnable" seed="1652229577" result="Passed" start-time="2018-11-19 23:04:10Z" end-time="2018-11-19 23:04:10Z" duration="0.000231" asserts="2" />
              <test-case id="1053" name="TestParser(&quot;method=Test1||method=Test2||method=Test3&quot;,&quot;&lt;or&gt;&lt;method&gt;Test1&lt;/method&gt;&lt;method&gt;Test2&lt;/method&gt;&lt;method&gt;Test3&lt;/method&gt;&lt;/or&gt;&quot;)" fullname="NUnit.Common.Tests.TestSelectionParserTests.TestParser(&quot;method=Test1||method=Test2||method=Test3&quot;,&quot;&lt;or&gt;&lt;method&gt;Test1&lt;/method&gt;&lt;method&gt;Test2&lt;/method&gt;&lt;method&gt;Test3&lt;/method&gt;&lt;/or&gt;&quot;)" methodname="TestParser" classname="NUnit.Common.Tests.TestSelectionParserTests" runstate="Runnable" seed="488037381" result="Passed" start-time="2018-11-19 23:04:10Z" end-time="2018-11-19 23:04:10Z" duration="0.000292" asserts="2" />
              <test-case id="1054" name="TestParser(&quot;test='My.Test.Fixture.Method(42)'&quot;,&quot;&lt;test&gt;My.Test.Fixture.Method(42)&lt;/test&gt;&quot;)" fullname="NUnit.Common.Tests.TestSelectionParserTests.TestParser(&quot;test='My.Test.Fixture.Method(42)'&quot;,&quot;&lt;test&gt;My.Test.Fixture.Method(42)&lt;/test&gt;&quot;)" methodname="TestParser" classname="NUnit.Common.Tests.TestSelectionParserTests" runstate="Runnable" seed="474301182" result="Passed" start-time="2018-11-19 23:04:10Z" end-time="2018-11-19 23:04:10Z" duration="0.000245" asserts="2" />
              <test-case id="1055" name="TestParser(&quot;test='My.Test.Fixture.Method(\&quot;xyz\&quot;)'&quot;,&quot;&lt;test&gt;My.Test.Fixture.Method(&amp;quot;xyz&amp;quot;)&lt;/test&gt;&quot;)" fullname="NUnit.Common.Tests.TestSelectionParserTests.TestParser(&quot;test='My.Test.Fixture.Method(\&quot;xyz\&quot;)'&quot;,&quot;&lt;test&gt;My.Test.Fixture.Method(&amp;quot;xyz&amp;quot;)&lt;/test&gt;&quot;)" methodname="TestParser" classname="NUnit.Common.Tests.TestSelectionParserTests" runstate="Runnable" seed="752765596" result="Passed" start-time="2018-11-19 23:04:10Z" end-time="2018-11-19 23:04:10Z" duration="0.000270" asserts="2" />
              <test-case id="1056" name="TestParser(&quot;test='My.Test.Fixture.Method(\&quot;abc\\'s\&quot;)'&quot;,&quot;&lt;test&gt;My.Test.Fixture.Method(&amp;quot;abc&amp;apos;s&amp;quot;)&lt;/test&gt;&quot;)" fullname="NUnit.Common.Tests.TestSelectionParserTests.TestParser(&quot;test='My.Test.Fixture.Method(\&quot;abc\\'s\&quot;)'&quot;,&quot;&lt;test&gt;My.Test.Fixture.Method(&amp;quot;abc&amp;apos;s&amp;quot;)&lt;/test&gt;&quot;)" methodname="TestParser" classname="NUnit.Common.Tests.TestSelectionParserTests" runstate="Runnable" seed="1706016249" result="Passed" start-time="2018-11-19 23:04:10Z" end-time="2018-11-19 23:04:10Z" duration="0.000334" asserts="2" />
              <test-case id="1057" name="TestParser(&quot;test='My.Test.Fixture.Method(\&quot;x&amp;y&amp;z\&quot;)'&quot;,&quot;&lt;test&gt;My.Test.Fixture.Method(&amp;quot;x&amp;amp;y&amp;amp;z&amp;quot;)&lt;/test&gt;&quot;)" fullname="NUnit.Common.Tests.TestSelectionParserTests.TestParser(&quot;test='My.Test.Fixture.Method(\&quot;x&amp;y&amp;z\&quot;)'&quot;,&quot;&lt;test&gt;My.Test.Fixture.Method(&amp;quot;x&amp;amp;y&amp;amp;z&amp;quot;)&lt;/test&gt;&quot;)" methodname="TestParser" classname="NUnit.Common.Tests.TestSelectionParserTests" runstate="Runnable" seed="1251061255" result="Passed" start-time="2018-11-19 23:04:10Z" end-time="2018-11-19 23:04:10Z" duration="0.000282" asserts="2" />
              <test-case id="1058" name="TestParser(&quot;test='My.Test.Fixture.Method(\&quot;&lt;xyz&gt;\&quot;)'&quot;,&quot;&lt;test&gt;My.Test.Fixture.Method(&amp;quot;&amp;lt;xyz&amp;gt;&amp;quot;)&lt;/test&gt;&quot;)" fullname="NUnit.Common.Tests.TestSelectionParserTests.TestParser(&quot;test='My.Test.Fixture.Method(\&quot;&lt;xyz&gt;\&quot;)'&quot;,&quot;&lt;test&gt;My.Test.Fixture.Method(&amp;quot;&amp;lt;xyz&amp;gt;&amp;quot;)&lt;/test&gt;&quot;)" methodname="TestParser" classname="NUnit.Common.Tests.TestSelectionParserTests" runstate="Runnable" seed="1962390230" result="Passed" start-time="2018-11-19 23:04:10Z" end-time="2018-11-19 23:04:10Z" duration="0.000268" asserts="2" />
              <test-case id="1059" name="TestParser(&quot;cat==Urgent &amp;&amp; test=='My.Tests'&quot;,&quot;&lt;and&gt;&lt;cat&gt;Urgent&lt;/cat&gt;&lt;test&gt;My.Tests&lt;/test&gt;&lt;/and&gt;&quot;)" fullname="NUnit.Common.Tests.TestSelectionParserTests.TestParser(&quot;cat==Urgent &amp;&amp; test=='My.Tests'&quot;,&quot;&lt;and&gt;&lt;cat&gt;Urgent&lt;/cat&gt;&lt;test&gt;My.Tests&lt;/test&gt;&lt;/and&gt;&quot;)" methodname="TestParser" classname="NUnit.Common.Tests.TestSelectionParserTests" runstate="Runnable" seed="1217008679" result="Passed" start-time="2018-11-19 23:04:10Z" end-time="2018-11-19 23:04:10Z" duration="0.000268" asserts="2" />
              <test-case id="1060" name="TestParser(&quot;cat==Urgent and test=='My.Tests'&quot;,&quot;&lt;and&gt;&lt;cat&gt;Urgent&lt;/cat&gt;&lt;test&gt;My.Tests&lt;/test&gt;&lt;/and&gt;&quot;)" fullname="NUnit.Common.Tests.TestSelectionParserTests.TestParser(&quot;cat==Urgent and test=='My.Tests'&quot;,&quot;&lt;and&gt;&lt;cat&gt;Urgent&lt;/cat&gt;&lt;test&gt;My.Tests&lt;/test&gt;&lt;/and&gt;&quot;)" methodname="TestParser" classname="NUnit.Common.Tests.TestSelectionParserTests" runstate="Runnable" seed="912129055" result="Passed" start-time="2018-11-19 23:04:10Z" end-time="2018-11-19 23:04:10Z" duration="0.000386" asserts="2" />
              <test-case id="1061" name="TestParser(&quot;cat==Urgent || test=='My.Tests'&quot;,&quot;&lt;or&gt;&lt;cat&gt;Urgent&lt;/cat&gt;&lt;test&gt;My.Tests&lt;/test&gt;&lt;/or&gt;&quot;)" fullname="NUnit.Common.Tests.TestSelectionParserTests.TestParser(&quot;cat==Urgent || test=='My.Tests'&quot;,&quot;&lt;or&gt;&lt;cat&gt;Urgent&lt;/cat&gt;&lt;test&gt;My.Tests&lt;/test&gt;&lt;/or&gt;&quot;)" methodname="TestParser" classname="NUnit.Common.Tests.TestSelectionParserTests" runstate="Runnable" seed="2044891878" result="Passed" start-time="2018-11-19 23:04:10Z" end-time="2018-11-19 23:04:10Z" duration="0.000324" asserts="2" />
              <test-case id="1062" name="TestParser(&quot;cat==Urgent or test=='My.Tests'&quot;,&quot;&lt;or&gt;&lt;cat&gt;Urgent&lt;/cat&gt;&lt;test&gt;My.Tests&lt;/test&gt;&lt;/or&gt;&quot;)" fullname="NUnit.Common.Tests.TestSelectionParserTests.TestParser(&quot;cat==Urgent or test=='My.Tests'&quot;,&quot;&lt;or&gt;&lt;cat&gt;Urgent&lt;/cat&gt;&lt;test&gt;My.Tests&lt;/test&gt;&lt;/or&gt;&quot;)" methodname="TestParser" classname="NUnit.Common.Tests.TestSelectionParserTests" runstate="Runnable" seed="1247316628" result="Passed" start-time="2018-11-19 23:04:10Z" end-time="2018-11-19 23:04:10Z" duration="0.000395" asserts="2" />
              <test-case id="1063" name="TestParser(&quot;cat==Urgent || test=='My.Tests' &amp;&amp; cat == high&quot;,&quot;&lt;or&gt;&lt;cat&gt;Urgent&lt;/cat&gt;&lt;and&gt;&lt;test&gt;My.Tests&lt;/test&gt;&lt;cat&gt;high&lt;/cat&gt;&lt;/and&gt;&lt;/or&gt;&quot;)" fullname="NUnit.Common.Tests.TestSelectionParserTests.TestParser(&quot;cat==Urgent || test=='My.Tests' &amp;&amp; cat == high&quot;,&quot;&lt;or&gt;&lt;cat&gt;Urgent&lt;/cat&gt;&lt;and&gt;&lt;test&gt;My.Tests&lt;/test&gt;&lt;cat&gt;high&lt;/cat&gt;&lt;/and&gt;&lt;/or&gt;&quot;)" methodname="TestParser" classname="NUnit.Common.Tests.TestSelectionParserTests" runstate="Runnable" seed="967419331" result="Passed" start-time="2018-11-19 23:04:10Z" end-time="2018-11-19 23:04:10Z" duration="0.000527" asserts="2" />
              <test-case id="1064" name="TestParser(&quot;cat==Urgent &amp;&amp; test=='My.Tests' || cat == high&quot;,&quot;&lt;or&gt;&lt;and&gt;&lt;cat&gt;Urgent&lt;/cat&gt;&lt;test&gt;My.Tests&lt;/test&gt;&lt;/and&gt;&lt;cat&gt;high&lt;/cat&gt;&lt;/or&gt;&quot;)" fullname="NUnit.Common.Tests.TestSelectionParserTests.TestParser(&quot;cat==Urgent &amp;&amp; test=='My.Tests' || cat == high&quot;,&quot;&lt;or&gt;&lt;and&gt;&lt;cat&gt;Urgent&lt;/cat&gt;&lt;test&gt;My.Tests&lt;/test&gt;&lt;/and&gt;&lt;cat&gt;high&lt;/cat&gt;&lt;/or&gt;&quot;)" methodname="TestParser" classname="NUnit.Common.Tests.TestSelectionParserTests" runstate="Runnable" seed="512667176" result="Passed" start-time="2018-11-19 23:04:10Z" end-time="2018-11-19 23:04:10Z" duration="0.000548" asserts="2" />
              <test-case id="1065" name="TestParser(&quot;cat==Urgent &amp;&amp; (test=='My.Tests' || cat == high)&quot;,&quot;&lt;and&gt;&lt;cat&gt;Urgent&lt;/cat&gt;&lt;or&gt;&lt;test&gt;My.Tests&lt;/test&gt;&lt;cat&gt;high&lt;/cat&gt;&lt;/or&gt;&lt;/and&gt;&quot;)" fullname="NUnit.Common.Tests.TestSelectionParserTests.TestParser(&quot;cat==Urgent &amp;&amp; (test=='My.Tests' || cat == high)&quot;,&quot;&lt;and&gt;&lt;cat&gt;Urgent&lt;/cat&gt;&lt;or&gt;&lt;test&gt;My.Tests&lt;/test&gt;&lt;cat&gt;high&lt;/cat&gt;&lt;/or&gt;&lt;/and&gt;&quot;)" methodname="TestParser" classname="NUnit.Common.Tests.TestSelectionParserTests" runstate="Runnable" seed="24682156" result="Passed" start-time="2018-11-19 23:04:10Z" end-time="2018-11-19 23:04:10Z" duration="0.001058" asserts="2" />
              <test-case id="1066" name="TestParser(&quot;cat==Urgent &amp;&amp; !(test=='My.Tests' || cat == high)&quot;,&quot;&lt;and&gt;&lt;cat&gt;Urgent&lt;/cat&gt;&lt;not&gt;&lt;or&gt;&lt;test&gt;My.Tests&lt;/test&gt;&lt;cat&gt;high&lt;/cat&gt;&lt;/or&gt;&lt;/not&gt;&lt;/and&gt;&quot;)" fullname="NUnit.Common.Tests.TestSelectionParserTests.TestParser(&quot;cat==Urgent &amp;&amp; !(test=='My.Tests' || cat == high)&quot;,&quot;&lt;and&gt;&lt;cat&gt;Urgent&lt;/cat&gt;&lt;not&gt;&lt;or&gt;&lt;test&gt;My.Tests&lt;/test&gt;&lt;cat&gt;high&lt;/cat&gt;&lt;/or&gt;&lt;/not&gt;&lt;/and&gt;&quot;)" methodname="TestParser" classname="NUnit.Common.Tests.TestSelectionParserTests" runstate="Runnable" seed="546592568" result="Passed" start-time="2018-11-19 23:04:10Z" end-time="2018-11-19 23:04:10Z" duration="0.000346" asserts="2" />
            </test-suite>
            <test-suite type="ParameterizedMethod" id="1072" name="TestParser_InvalidInput" fullname="NUnit.Common.Tests.TestSelectionParserTests.TestParser_InvalidInput" classname="NUnit.Common.Tests.TestSelectionParserTests" runstate="Runnable" testcasecount="4" result="Passed" start-time="2018-11-19 23:04:10Z" end-time="2018-11-19 23:04:10Z" duration="0.166079" total="4" passed="4" failed="0" warnings="0" inconclusive="0" skipped="0" asserts="4">
              <test-case id="1068" name="TestParser_InvalidInput(null,System.ArgumentNullException)" fullname="NUnit.Common.Tests.TestSelectionParserTests.TestParser_InvalidInput(null,System.ArgumentNullException)" methodname="TestParser_InvalidInput" classname="NUnit.Common.Tests.TestSelectionParserTests" runstate="Runnable" seed="281707642" result="Passed" start-time="2018-11-19 23:04:10Z" end-time="2018-11-19 23:04:10Z" duration="0.165197" asserts="1" />
              <test-case id="1069" name="TestParser_InvalidInput(&quot;&quot;,NUnit.Common.TestSelectionParserException)" fullname="NUnit.Common.Tests.TestSelectionParserTests.TestParser_InvalidInput(&quot;&quot;,NUnit.Common.TestSelectionParserException)" methodname="TestParser_InvalidInput" classname="NUnit.Common.Tests.TestSelectionParserTests" runstate="Runnable" seed="345365439" result="Passed" start-time="2018-11-19 23:04:10Z" end-time="2018-11-19 23:04:10Z" duration="0.000322" asserts="1" />
              <test-case id="1070" name="TestParser_InvalidInput(&quot;   &quot;,NUnit.Common.TestSelectionParserException)" fullname="NUnit.Common.Tests.TestSelectionParserTests.TestParser_InvalidInput(&quot;   &quot;,NUnit.Common.TestSelectionParserException)" methodname="TestParser_InvalidInput" classname="NUnit.Common.Tests.TestSelectionParserTests" runstate="Runnable" seed="502322134" result="Passed" start-time="2018-11-19 23:04:10Z" end-time="2018-11-19 23:04:10Z" duration="0.000211" asserts="1" />
              <test-case id="1071" name="TestParser_InvalidInput(&quot;  \t\t &quot;,NUnit.Common.TestSelectionParserException)" fullname="NUnit.Common.Tests.TestSelectionParserTests.TestParser_InvalidInput(&quot;  \t\t &quot;,NUnit.Common.TestSelectionParserException)" methodname="TestParser_InvalidInput" classname="NUnit.Common.Tests.TestSelectionParserTests" runstate="Runnable" seed="1733863835" result="Passed" start-time="2018-11-19 23:04:10Z" end-time="2018-11-19 23:04:10Z" duration="0.000200" asserts="1" />
            </test-suite>
          </test-suite>
          <test-suite type="TestFixture" id="1073" name="TokenizerTests" fullname="NUnit.Common.Tests.TokenizerTests" classname="NUnit.Common.Tests.TokenizerTests" runstate="Runnable" testcasecount="12" result="Passed" start-time="2018-11-19 23:04:09Z" end-time="2018-11-19 23:04:10Z" duration="0.754300" total="12" passed="12" failed="0" warnings="0" inconclusive="0" skipped="0" asserts="61">
            <test-case id="1075" name="BlankStringReturnsEof" fullname="NUnit.Common.Tests.TokenizerTests.BlankStringReturnsEof" methodname="BlankStringReturnsEof" classname="NUnit.Common.Tests.TokenizerTests" runstate="Runnable" seed="814750063" result="Passed" start-time="2018-11-19 23:04:09Z" end-time="2018-11-19 23:04:10Z" duration="0.042600" asserts="3" />
            <test-case id="1076" name="IdentifierTokens" fullname="NUnit.Common.Tests.TokenizerTests.IdentifierTokens" methodname="IdentifierTokens" classname="NUnit.Common.Tests.TokenizerTests" runstate="Runnable" seed="426807603" result="Passed" start-time="2018-11-19 23:04:10Z" end-time="2018-11-19 23:04:10Z" duration="0.001345" asserts="5" />
            <test-case id="1085" name="MixedTokens_Complex" fullname="NUnit.Common.Tests.TokenizerTests.MixedTokens_Complex" methodname="MixedTokens_Complex" classname="NUnit.Common.Tests.TokenizerTests" runstate="Runnable" seed="1105060436" result="Passed" start-time="2018-11-19 23:04:10Z" end-time="2018-11-19 23:04:10Z" duration="0.004865" asserts="14" />
            <test-case id="1084" name="MixedTokens_Simple" fullname="NUnit.Common.Tests.TokenizerTests.MixedTokens_Simple" methodname="MixedTokens_Simple" classname="NUnit.Common.Tests.TokenizerTests" runstate="Runnable" seed="22581459" result="Passed" start-time="2018-11-19 23:04:10Z" end-time="2018-11-19 23:04:10Z" duration="0.001485" asserts="4" />
            <test-case id="1074" name="NullInputThrowsException" fullname="NUnit.Common.Tests.TokenizerTests.NullInputThrowsException" methodname="NullInputThrowsException" classname="NUnit.Common.Tests.TokenizerTests" runstate="Runnable" seed="536444672" result="Passed" start-time="2018-11-19 23:04:10Z" end-time="2018-11-19 23:04:10Z" duration="0.640081" asserts="1" />
            <test-case id="1081" name="StringsMayContainEscapedQuoteChar" fullname="NUnit.Common.Tests.TokenizerTests.StringsMayContainEscapedQuoteChar" methodname="StringsMayContainEscapedQuoteChar" classname="NUnit.Common.Tests.TokenizerTests" runstate="Runnable" seed="657834048" result="Passed" start-time="2018-11-19 23:04:10Z" end-time="2018-11-19 23:04:10Z" duration="0.002179" asserts="4" />
            <test-case id="1078" name="StringWithDoubleQuotes" fullname="NUnit.Common.Tests.TokenizerTests.StringWithDoubleQuotes" methodname="StringWithDoubleQuotes" classname="NUnit.Common.Tests.TokenizerTests" runstate="Runnable" seed="1078984830" result="Passed" start-time="2018-11-19 23:04:10Z" end-time="2018-11-19 23:04:10Z" duration="0.003323" asserts="4" />
            <test-case id="1079" name="StringWithSingleQuotes" fullname="NUnit.Common.Tests.TokenizerTests.StringWithSingleQuotes" methodname="StringWithSingleQuotes" classname="NUnit.Common.Tests.TokenizerTests" runstate="Runnable" seed="1965114036" result="Passed" start-time="2018-11-19 23:04:10Z" end-time="2018-11-19 23:04:10Z" duration="0.002498" asserts="4" />
            <test-case id="1080" name="StringWithSlashes" fullname="NUnit.Common.Tests.TokenizerTests.StringWithSlashes" methodname="StringWithSlashes" classname="NUnit.Common.Tests.TokenizerTests" runstate="Runnable" seed="1977420629" result="Passed" start-time="2018-11-19 23:04:10Z" end-time="2018-11-19 23:04:10Z" duration="0.002166" asserts="4" />
            <test-case id="1083" name="SymbolTokens_DoubleChar" fullname="NUnit.Common.Tests.TokenizerTests.SymbolTokens_DoubleChar" methodname="SymbolTokens_DoubleChar" classname="NUnit.Common.Tests.TokenizerTests" runstate="Runnable" seed="1832911560" result="Passed" start-time="2018-11-19 23:04:10Z" end-time="2018-11-19 23:04:10Z" duration="0.005768" asserts="7" />
            <test-case id="1082" name="SymbolTokens_SingleChar" fullname="NUnit.Common.Tests.TokenizerTests.SymbolTokens_SingleChar" methodname="SymbolTokens_SingleChar" classname="NUnit.Common.Tests.TokenizerTests" runstate="Runnable" seed="705457031" result="Passed" start-time="2018-11-19 23:04:10Z" end-time="2018-11-19 23:04:10Z" duration="0.003179" asserts="7" />
            <test-case id="1077" name="WordsInUnicode" fullname="NUnit.Common.Tests.TokenizerTests.WordsInUnicode" methodname="WordsInUnicode" classname="NUnit.Common.Tests.TokenizerTests" runstate="Runnable" seed="1029058777" result="Passed" start-time="2018-11-19 23:04:10Z" end-time="2018-11-19 23:04:10Z" duration="0.041483" asserts="4" />
          </test-suite>
        </test-suite>
      </test-suite>
    </test-suite>
    <test-suite type="TestSuite" id="1408" name="NUnitLite" fullname="NUnitLite" runstate="Runnable" testcasecount="279" result="Skipped" label="Ignored" site="Child" start-time="2018-11-19 23:04:09Z" end-time="2018-11-19 23:04:12Z" duration="3.119590" total="279" passed="278" failed="0" warnings="0" inconclusive="0" skipped="1" asserts="533">
      <reason>
        <message><![CDATA[One or more child tests were ignored]]></message>
      </reason>
      <test-suite type="TestSuite" id="1409" name="Tests" fullname="NUnitLite.Tests" runstate="Runnable" testcasecount="279" result="Skipped" label="Ignored" site="Child" start-time="2018-11-19 23:04:09Z" end-time="2018-11-19 23:04:12Z" duration="3.119560" total="279" passed="278" failed="0" warnings="0" inconclusive="0" skipped="1" asserts="533">
        <reason>
          <message><![CDATA[One or more child tests were ignored]]></message>
        </reason>
        <test-suite type="TestFixture" id="1224" name="MakeRunSettingsTests" fullname="NUnitLite.Tests.MakeRunSettingsTests" classname="NUnitLite.Tests.MakeRunSettingsTests" runstate="Runnable" testcasecount="8" result="Passed" start-time="2018-11-19 23:04:10Z" end-time="2018-11-19 23:04:10Z" duration="0.006989" total="8" passed="8" failed="0" warnings="0" inconclusive="0" skipped="0" asserts="16">
          <test-suite type="ParameterizedMethod" id="1233" name="CheckSetting" fullname="NUnitLite.Tests.MakeRunSettingsTests.CheckSetting" classname="NUnitLite.Tests.MakeRunSettingsTests" runstate="Runnable" testcasecount="8" result="Passed" start-time="2018-11-19 23:04:10Z" end-time="2018-11-19 23:04:10Z" duration="0.006610" total="8" passed="8" failed="0" warnings="0" inconclusive="0" skipped="0" asserts="16">
            <test-case id="1225" name="CheckSetting(&quot;--timeout=50&quot;,&quot;DefaultTimeout&quot;,50)" fullname="NUnitLite.Tests.MakeRunSettingsTests.CheckSetting(&quot;--timeout=50&quot;,&quot;DefaultTimeout&quot;,50)" methodname="CheckSetting" classname="NUnitLite.Tests.MakeRunSettingsTests" runstate="Runnable" seed="1599610708" result="Passed" start-time="2018-11-19 23:04:10Z" end-time="2018-11-19 23:04:10Z" duration="0.002932" asserts="2" />
            <test-case id="1226" name="CheckSetting(&quot;--work=results&quot;,&quot;WorkDirectory&quot;,&quot;d:\\Harry University\\1 Технологии программирования\\LR5\\packages\\NUnit.3.11.0\\bin\\net40\\results&quot;)" fullname="NUnitLite.Tests.MakeRunSettingsTests.CheckSetting(&quot;--work=results&quot;,&quot;WorkDirectory&quot;,&quot;d:\\Harry University\\1 Технологии программирования\\LR5\\packages\\NUnit.3.11.0\\bin\\net40\\results&quot;)" methodname="CheckSetting" classname="NUnitLite.Tests.MakeRunSettingsTests" runstate="Runnable" seed="1260646641" result="Passed" start-time="2018-11-19 23:04:10Z" end-time="2018-11-19 23:04:10Z" duration="0.000376" asserts="2" />
            <test-case id="1227" name="CheckSetting(&quot;--seed=1234&quot;,&quot;RandomSeed&quot;,1234)" fullname="NUnitLite.Tests.MakeRunSettingsTests.CheckSetting(&quot;--seed=1234&quot;,&quot;RandomSeed&quot;,1234)" methodname="CheckSetting" classname="NUnitLite.Tests.MakeRunSettingsTests" runstate="Runnable" seed="1295841862" result="Passed" start-time="2018-11-19 23:04:10Z" end-time="2018-11-19 23:04:10Z" duration="0.000476" asserts="2" />
            <test-case id="1228" name="CheckSetting(&quot;--workers=8&quot;,&quot;NumberOfTestWorkers&quot;,8)" fullname="NUnitLite.Tests.MakeRunSettingsTests.CheckSetting(&quot;--workers=8&quot;,&quot;NumberOfTestWorkers&quot;,8)" methodname="CheckSetting" classname="NUnitLite.Tests.MakeRunSettingsTests" runstate="Runnable" seed="691256027" result="Passed" start-time="2018-11-19 23:04:10Z" end-time="2018-11-19 23:04:10Z" duration="0.000562" asserts="2" />
            <test-case id="1229" name="CheckSetting(&quot;--prefilter=A.B.C&quot;,&quot;LOAD&quot;,[&quot;A.B.C&quot;])" fullname="NUnitLite.Tests.MakeRunSettingsTests.CheckSetting(&quot;--prefilter=A.B.C&quot;,&quot;LOAD&quot;,[&quot;A.B.C&quot;])" methodname="CheckSetting" classname="NUnitLite.Tests.MakeRunSettingsTests" runstate="Runnable" seed="860074225" result="Passed" start-time="2018-11-19 23:04:10Z" end-time="2018-11-19 23:04:10Z" duration="0.000318" asserts="2" />
            <test-case id="1230" name="CheckSetting(&quot;--test=A.B.C&quot;,&quot;LOAD&quot;,[&quot;A.B.C&quot;])" fullname="NUnitLite.Tests.MakeRunSettingsTests.CheckSetting(&quot;--test=A.B.C&quot;,&quot;LOAD&quot;,[&quot;A.B.C&quot;])" methodname="CheckSetting" classname="NUnitLite.Tests.MakeRunSettingsTests" runstate="Runnable" seed="105322546" result="Passed" start-time="2018-11-19 23:04:10Z" end-time="2018-11-19 23:04:10Z" duration="0.000314" asserts="2" />
            <test-case id="1231" name="CheckSetting(&quot;--test=A.B.C(arg)&quot;,&quot;LOAD&quot;,[&quot;A.B.C&quot;])" fullname="NUnitLite.Tests.MakeRunSettingsTests.CheckSetting(&quot;--test=A.B.C(arg)&quot;,&quot;LOAD&quot;,[&quot;A.B.C&quot;])" methodname="CheckSetting" classname="NUnitLite.Tests.MakeRunSettingsTests" runstate="Runnable" seed="452192492" result="Passed" start-time="2018-11-19 23:04:10Z" end-time="2018-11-19 23:04:10Z" duration="0.000349" asserts="2" />
            <test-case id="1232" name="CheckSetting(&quot;--test=A.B&lt;type&gt;.C(arg)&quot;,&quot;LOAD&quot;,[&quot;A.B&quot;])" fullname="NUnitLite.Tests.MakeRunSettingsTests.CheckSetting(&quot;--test=A.B&lt;type&gt;.C(arg)&quot;,&quot;LOAD&quot;,[&quot;A.B&quot;])" methodname="CheckSetting" classname="NUnitLite.Tests.MakeRunSettingsTests" runstate="Runnable" seed="95119010" result="Passed" start-time="2018-11-19 23:04:10Z" end-time="2018-11-19 23:04:10Z" duration="0.000321" asserts="2" />
          </test-suite>
        </test-suite>
        <test-suite type="TestFixture" id="1215" name="CreateTestFilterTests" fullname="NUnitLite.Tests.CreateTestFilterTests" classname="NUnitLite.Tests.CreateTestFilterTests" runstate="Runnable" testcasecount="8" result="Passed" start-time="2018-11-19 23:04:10Z" end-time="2018-11-19 23:04:10Z" duration="0.598083" total="8" passed="8" failed="0" warnings="0" inconclusive="0" skipped="0" asserts="48">
          <test-case id="1216" name="EmptyFilter" fullname="NUnitLite.Tests.CreateTestFilterTests.EmptyFilter" methodname="EmptyFilter" classname="NUnitLite.Tests.CreateTestFilterTests" runstate="Runnable" seed="106746011" result="Passed" start-time="2018-11-19 23:04:10Z" end-time="2018-11-19 23:04:10Z" duration="0.001904" asserts="1" />
          <test-case id="1217" name="OneTestSelected" fullname="NUnitLite.Tests.CreateTestFilterTests.OneTestSelected" methodname="OneTestSelected" classname="NUnitLite.Tests.CreateTestFilterTests" runstate="Runnable" seed="1335541383" result="Passed" start-time="2018-11-19 23:04:10Z" end-time="2018-11-19 23:04:10Z" duration="0.032407" asserts="2" />
          <test-case id="1220" name="SixTestsFromTwoTestListFiles" fullname="NUnitLite.Tests.CreateTestFilterTests.SixTestsFromTwoTestListFiles" methodname="SixTestsFromTwoTestListFiles" classname="NUnitLite.Tests.CreateTestFilterTests" runstate="Runnable" seed="1778234431" result="Passed" start-time="2018-11-19 23:04:10Z" end-time="2018-11-19 23:04:10Z" duration="0.103961" asserts="14" />
          <test-case id="1221" name="TestListFileMissing" fullname="NUnitLite.Tests.CreateTestFilterTests.TestListFileMissing" methodname="TestListFileMissing" classname="NUnitLite.Tests.CreateTestFilterTests" runstate="Runnable" seed="193571068" result="Passed" start-time="2018-11-19 23:04:10Z" end-time="2018-11-19 23:04:10Z" duration="0.006842" asserts="3" />
          <test-case id="1219" name="ThreeTestsFromATestListFile" fullname="NUnitLite.Tests.CreateTestFilterTests.ThreeTestsFromATestListFile" methodname="ThreeTestsFromATestListFile" classname="NUnitLite.Tests.CreateTestFilterTests" runstate="Runnable" seed="1708027006" result="Passed" start-time="2018-11-19 23:04:10Z" end-time="2018-11-19 23:04:10Z" duration="0.007788" asserts="8" />
          <test-case id="1218" name="ThreeTestsSelected" fullname="NUnitLite.Tests.CreateTestFilterTests.ThreeTestsSelected" methodname="ThreeTestsSelected" classname="NUnitLite.Tests.CreateTestFilterTests" runstate="Runnable" seed="117735746" result="Passed" start-time="2018-11-19 23:04:10Z" end-time="2018-11-19 23:04:10Z" duration="0.002531" asserts="8" />
          <test-case id="1223" name="TwoTestsAndWhereClauseSpecified" fullname="NUnitLite.Tests.CreateTestFilterTests.TwoTestsAndWhereClauseSpecified" methodname="TwoTestsAndWhereClauseSpecified" classname="NUnitLite.Tests.CreateTestFilterTests" runstate="Runnable" seed="703636485" result="Passed" start-time="2018-11-19 23:04:10Z" end-time="2018-11-19 23:04:10Z" duration="0.439842" asserts="10" />
          <test-case id="1222" name="WhereClauseSpecified" fullname="NUnitLite.Tests.CreateTestFilterTests.WhereClauseSpecified" methodname="WhereClauseSpecified" classname="NUnitLite.Tests.CreateTestFilterTests" runstate="Runnable" seed="2046539528" result="Passed" start-time="2018-11-19 23:04:10Z" end-time="2018-11-19 23:04:10Z" duration="0.001475" asserts="2" />
        </test-suite>
        <test-suite type="TestFixture" id="1280" name="TeamCityEventListenerTests" fullname="NUnitLite.Tests.TeamCityEventListenerTests" classname="NUnitLite.Tests.TeamCityEventListenerTests" runstate="Runnable" testcasecount="7" result="Passed" start-time="2018-11-19 23:04:10Z" end-time="2018-11-19 23:04:10Z" duration="0.018503" total="7" passed="7" failed="0" warnings="0" inconclusive="0" skipped="0" asserts="7">
          <test-case id="1287" name="TestFinished_Failed" fullname="NUnitLite.Tests.TeamCityEventListenerTests.TestFinished_Failed" methodname="TestFinished_Failed" classname="NUnitLite.Tests.TeamCityEventListenerTests" runstate="Runnable" seed="802151840" result="Passed" start-time="2018-11-19 23:04:10Z" end-time="2018-11-19 23:04:10Z" duration="0.011110" asserts="1" />
          <test-case id="1286" name="TestFinished_Ignored" fullname="NUnitLite.Tests.TeamCityEventListenerTests.TestFinished_Ignored" methodname="TestFinished_Ignored" classname="NUnitLite.Tests.TeamCityEventListenerTests" runstate="Runnable" seed="956796153" result="Passed" start-time="2018-11-19 23:04:10Z" end-time="2018-11-19 23:04:10Z" duration="0.001096" asserts="1" />
          <test-case id="1285" name="TestFinished_Inconclusive" fullname="NUnitLite.Tests.TeamCityEventListenerTests.TestFinished_Inconclusive" methodname="TestFinished_Inconclusive" classname="NUnitLite.Tests.TeamCityEventListenerTests" runstate="Runnable" seed="1128307528" result="Passed" start-time="2018-11-19 23:04:10Z" end-time="2018-11-19 23:04:10Z" duration="0.000896" asserts="1" />
          <test-case id="1284" name="TestFinished_Passed" fullname="NUnitLite.Tests.TeamCityEventListenerTests.TestFinished_Passed" methodname="TestFinished_Passed" classname="NUnitLite.Tests.TeamCityEventListenerTests" runstate="Runnable" seed="775437236" result="Passed" start-time="2018-11-19 23:04:10Z" end-time="2018-11-19 23:04:10Z" duration="0.000870" asserts="1" />
          <test-case id="1283" name="TestStarted" fullname="NUnitLite.Tests.TeamCityEventListenerTests.TestStarted" methodname="TestStarted" classname="NUnitLite.Tests.TeamCityEventListenerTests" runstate="Runnable" seed="472636821" result="Passed" start-time="2018-11-19 23:04:10Z" end-time="2018-11-19 23:04:10Z" duration="0.002319" asserts="1" />
          <test-case id="1282" name="TestSuiteFinished" fullname="NUnitLite.Tests.TeamCityEventListenerTests.TestSuiteFinished" methodname="TestSuiteFinished" classname="NUnitLite.Tests.TeamCityEventListenerTests" runstate="Runnable" seed="338144643" result="Passed" start-time="2018-11-19 23:04:10Z" end-time="2018-11-19 23:04:10Z" duration="0.000876" asserts="1" />
          <test-case id="1281" name="TestSuiteStarted" fullname="NUnitLite.Tests.TeamCityEventListenerTests.TestSuiteStarted" methodname="TestSuiteStarted" classname="NUnitLite.Tests.TeamCityEventListenerTests" runstate="Runnable" seed="2001918518" result="Passed" start-time="2018-11-19 23:04:10Z" end-time="2018-11-19 23:04:10Z" duration="0.000787" asserts="1" />
        </test-suite>
        <test-suite type="TestFixture" id="1089" name="CommandLineTests" fullname="NUnitLite.Tests.CommandLineTests" classname="NUnitLite.Tests.CommandLineTests" runstate="Runnable" testcasecount="115" result="Passed" start-time="2018-11-19 23:04:10Z" end-time="2018-11-19 23:04:12Z" duration="2.074595" total="115" passed="115" failed="0" warnings="0" inconclusive="0" skipped="0" asserts="292">
          <test-case id="1179" name="AssemblyIsInvalidByDefault" fullname="NUnitLite.Tests.CommandLineTests.AssemblyIsInvalidByDefault" methodname="AssemblyIsInvalidByDefault" classname="NUnitLite.Tests.CommandLineTests" runstate="Runnable" seed="67052364" result="Passed" start-time="2018-11-19 23:04:10Z" end-time="2018-11-19 23:04:10Z" duration="0.168333" asserts="3" />
          <test-case id="1181" name="AssemblyIsValidIfAllowed" fullname="NUnitLite.Tests.CommandLineTests.AssemblyIsValidIfAllowed" methodname="AssemblyIsValidIfAllowed" classname="NUnitLite.Tests.CommandLineTests" runstate="Runnable" seed="1864057383" result="Passed" start-time="2018-11-19 23:04:10Z" end-time="2018-11-19 23:04:10Z" duration="0.004463" asserts="2" />
          <test-suite type="ParameterizedMethod" id="1148" name="CanRecognizeBooleanOptions" fullname="NUnitLite.Tests.CommandLineTests.CanRecognizeBooleanOptions" classname="NUnitLite.Tests.CommandLineTests" runstate="Runnable" testcasecount="6" result="Passed" start-time="2018-11-19 23:04:10Z" end-time="2018-11-19 23:04:10Z" duration="0.065620" total="6" passed="6" failed="0" warnings="0" inconclusive="0" skipped="0" asserts="30">
            <test-case id="1142" name="CanRecognizeBooleanOptions(&quot;ShowHelp&quot;,&quot;help|h&quot;)" fullname="NUnitLite.Tests.CommandLineTests.CanRecognizeBooleanOptions(&quot;ShowHelp&quot;,&quot;help|h&quot;)" methodname="CanRecognizeBooleanOptions" classname="NUnitLite.Tests.CommandLineTests" runstate="Runnable" seed="2097424502" result="Passed" start-time="2018-11-19 23:04:10Z" end-time="2018-11-19 23:04:10Z" duration="0.027878" asserts="6">
              <output><![CDATA[Testing ShowHelp
]]></output>
            </test-case>
            <test-case id="1143" name="CanRecognizeBooleanOptions(&quot;ShowVersion&quot;,&quot;version|V&quot;)" fullname="NUnitLite.Tests.CommandLineTests.CanRecognizeBooleanOptions(&quot;ShowVersion&quot;,&quot;version|V&quot;)" methodname="CanRecognizeBooleanOptions" classname="NUnitLite.Tests.CommandLineTests" runstate="Runnable" seed="657727235" result="Passed" start-time="2018-11-19 23:04:10Z" end-time="2018-11-19 23:04:10Z" duration="0.035156" asserts="6">
              <output><![CDATA[Testing ShowVersion
]]></output>
            </test-case>
            <test-case id="1144" name="CanRecognizeBooleanOptions(&quot;StopOnError&quot;,&quot;stoponerror&quot;)" fullname="NUnitLite.Tests.CommandLineTests.CanRecognizeBooleanOptions(&quot;StopOnError&quot;,&quot;stoponerror&quot;)" methodname="CanRecognizeBooleanOptions" classname="NUnitLite.Tests.CommandLineTests" runstate="Runnable" seed="1817824049" result="Passed" start-time="2018-11-19 23:04:10Z" end-time="2018-11-19 23:04:10Z" duration="0.000433" asserts="4">
              <output><![CDATA[Testing StopOnError
]]></output>
            </test-case>
            <test-case id="1145" name="CanRecognizeBooleanOptions(&quot;WaitBeforeExit&quot;,&quot;wait&quot;)" fullname="NUnitLite.Tests.CommandLineTests.CanRecognizeBooleanOptions(&quot;WaitBeforeExit&quot;,&quot;wait&quot;)" methodname="CanRecognizeBooleanOptions" classname="NUnitLite.Tests.CommandLineTests" runstate="Runnable" seed="741068130" result="Passed" start-time="2018-11-19 23:04:10Z" end-time="2018-11-19 23:04:10Z" duration="0.000659" asserts="4">
              <output><![CDATA[Testing WaitBeforeExit
]]></output>
            </test-case>
            <test-case id="1146" name="CanRecognizeBooleanOptions(&quot;NoHeader&quot;,&quot;noheader|noh&quot;)" fullname="NUnitLite.Tests.CommandLineTests.CanRecognizeBooleanOptions(&quot;NoHeader&quot;,&quot;noheader|noh&quot;)" methodname="CanRecognizeBooleanOptions" classname="NUnitLite.Tests.CommandLineTests" runstate="Runnable" seed="4631466" result="Passed" start-time="2018-11-19 23:04:10Z" end-time="2018-11-19 23:04:10Z" duration="0.000532" asserts="6">
              <output><![CDATA[Testing NoHeader
]]></output>
            </test-case>
            <test-case id="1147" name="CanRecognizeBooleanOptions(&quot;TeamCity&quot;,&quot;teamcity&quot;)" fullname="NUnitLite.Tests.CommandLineTests.CanRecognizeBooleanOptions(&quot;TeamCity&quot;,&quot;teamcity&quot;)" methodname="CanRecognizeBooleanOptions" classname="NUnitLite.Tests.CommandLineTests" runstate="Runnable" seed="2112314500" result="Passed" start-time="2018-11-19 23:04:10Z" end-time="2018-11-19 23:04:10Z" duration="0.000568" asserts="4">
              <output><![CDATA[Testing TeamCity
]]></output>
            </test-case>
          </test-suite>
          <test-suite type="ParameterizedMethod" id="1162" name="CanRecognizeIntOptions" fullname="NUnitLite.Tests.CommandLineTests.CanRecognizeIntOptions" classname="NUnitLite.Tests.CommandLineTests" runstate="Runnable" testcasecount="3" result="Passed" start-time="2018-11-19 23:04:10Z" end-time="2018-11-19 23:04:10Z" duration="0.003273" total="3" passed="3" failed="0" warnings="0" inconclusive="0" skipped="0" asserts="9">
            <test-case id="1159" name="CanRecognizeIntOptions(&quot;DefaultTimeout&quot;,&quot;timeout&quot;)" fullname="NUnitLite.Tests.CommandLineTests.CanRecognizeIntOptions(&quot;DefaultTimeout&quot;,&quot;timeout&quot;)" methodname="CanRecognizeIntOptions" classname="NUnitLite.Tests.CommandLineTests" runstate="Runnable" seed="1021018731" result="Passed" start-time="2018-11-19 23:04:10Z" end-time="2018-11-19 23:04:10Z" duration="0.002388" asserts="3" />
            <test-case id="1160" name="CanRecognizeIntOptions(&quot;RandomSeed&quot;,&quot;seed&quot;)" fullname="NUnitLite.Tests.CommandLineTests.CanRecognizeIntOptions(&quot;RandomSeed&quot;,&quot;seed&quot;)" methodname="CanRecognizeIntOptions" classname="NUnitLite.Tests.CommandLineTests" runstate="Runnable" seed="2110739995" result="Passed" start-time="2018-11-19 23:04:10Z" end-time="2018-11-19 23:04:10Z" duration="0.000425" asserts="3" />
            <test-case id="1161" name="CanRecognizeIntOptions(&quot;NumberOfTestWorkers&quot;,&quot;workers&quot;)" fullname="NUnitLite.Tests.CommandLineTests.CanRecognizeIntOptions(&quot;NumberOfTestWorkers&quot;,&quot;workers&quot;)" methodname="CanRecognizeIntOptions" classname="NUnitLite.Tests.CommandLineTests" runstate="Runnable" seed="2116547951" result="Passed" start-time="2018-11-19 23:04:10Z" end-time="2018-11-19 23:04:10Z" duration="0.000369" asserts="3" />
          </test-suite>
          <test-suite type="ParameterizedMethod" id="1158" name="CanRecognizeLowerCaseOptionValues" fullname="NUnitLite.Tests.CommandLineTests.CanRecognizeLowerCaseOptionValues" classname="NUnitLite.Tests.CommandLineTests" runstate="Runnable" testcasecount="2" result="Passed" start-time="2018-11-19 23:04:10Z" end-time="2018-11-19 23:04:10Z" duration="0.005410" total="2" passed="2" failed="0" warnings="0" inconclusive="0" skipped="0" asserts="22">
            <test-case id="1156" name="CanRecognizeLowerCaseOptionValues(&quot;DisplayTestLabels&quot;,&quot;labels&quot;,[&quot;Off&quot;, &quot;On&quot;, &quot;All&quot;])" fullname="NUnitLite.Tests.CommandLineTests.CanRecognizeLowerCaseOptionValues(&quot;DisplayTestLabels&quot;,&quot;labels&quot;,[&quot;Off&quot;, &quot;On&quot;, &quot;All&quot;])" methodname="CanRecognizeLowerCaseOptionValues" classname="NUnitLite.Tests.CommandLineTests" runstate="Runnable" seed="830521017" result="Passed" start-time="2018-11-19 23:04:10Z" end-time="2018-11-19 23:04:10Z" duration="0.004416" asserts="8" />
            <test-case id="1157" name="CanRecognizeLowerCaseOptionValues(&quot;InternalTraceLevel&quot;,&quot;trace&quot;,[&quot;Off&quot;, &quot;Error&quot;, &quot;Warning&quot;, &quot;Info&quot;, &quot;Debug&quot;, ...])" fullname="NUnitLite.Tests.CommandLineTests.CanRecognizeLowerCaseOptionValues(&quot;InternalTraceLevel&quot;,&quot;trace&quot;,[&quot;Off&quot;, &quot;Error&quot;, &quot;Warning&quot;, &quot;Info&quot;, &quot;Debug&quot;, ...])" methodname="CanRecognizeLowerCaseOptionValues" classname="NUnitLite.Tests.CommandLineTests" runstate="Runnable" seed="887961361" result="Passed" start-time="2018-11-19 23:04:10Z" end-time="2018-11-19 23:04:10Z" duration="0.000909" asserts="14" />
          </test-suite>
          <test-suite type="ParameterizedMethod" id="1155" name="CanRecognizeStringOptions" fullname="NUnitLite.Tests.CommandLineTests.CanRecognizeStringOptions" classname="NUnitLite.Tests.CommandLineTests" runstate="Runnable" testcasecount="6" result="Passed" start-time="2018-11-19 23:04:10Z" end-time="2018-11-19 23:04:10Z" duration="0.006525" total="6" passed="6" failed="0" warnings="0" inconclusive="0" skipped="0" asserts="46">
            <test-case id="1149" name="CanRecognizeStringOptions(&quot;WhereClause&quot;,&quot;where&quot;,[&quot;cat==Fast&quot;],[])" fullname="NUnitLite.Tests.CommandLineTests.CanRecognizeStringOptions(&quot;WhereClause&quot;,&quot;where&quot;,[&quot;cat==Fast&quot;],[])" methodname="CanRecognizeStringOptions" classname="NUnitLite.Tests.CommandLineTests" runstate="Runnable" seed="1754002950" result="Passed" start-time="2018-11-19 23:04:10Z" end-time="2018-11-19 23:04:10Z" duration="0.003260" asserts="4" />
            <test-case id="1150" name="CanRecognizeStringOptions(&quot;DisplayTestLabels&quot;,&quot;labels&quot;,[&quot;Off&quot;, &quot;On&quot;, &quot;Before&quot;, &quot;After&quot;, &quot;All&quot;],[&quot;JUNK&quot;])" fullname="NUnitLite.Tests.CommandLineTests.CanRecognizeStringOptions(&quot;DisplayTestLabels&quot;,&quot;labels&quot;,[&quot;Off&quot;, &quot;On&quot;, &quot;Before&quot;, &quot;After&quot;, &quot;All&quot;],[&quot;JUNK&quot;])" methodname="CanRecognizeStringOptions" classname="NUnitLite.Tests.CommandLineTests" runstate="Runnable" seed="1501914759" result="Passed" start-time="2018-11-19 23:04:10Z" end-time="2018-11-19 23:04:10Z" duration="0.000520" asserts="13" />
            <test-case id="1151" name="CanRecognizeStringOptions(&quot;OutFile&quot;,&quot;output|out&quot;,[&quot;output.txt&quot;],[])" fullname="NUnitLite.Tests.CommandLineTests.CanRecognizeStringOptions(&quot;OutFile&quot;,&quot;output|out&quot;,[&quot;output.txt&quot;],[])" methodname="CanRecognizeStringOptions" classname="NUnitLite.Tests.CommandLineTests" runstate="Runnable" seed="1064568354" result="Passed" start-time="2018-11-19 23:04:10Z" end-time="2018-11-19 23:04:10Z" duration="0.000505" asserts="6" />
            <test-case id="1152" name="CanRecognizeStringOptions(&quot;ErrFile&quot;,&quot;err&quot;,[&quot;error.txt&quot;],[])" fullname="NUnitLite.Tests.CommandLineTests.CanRecognizeStringOptions(&quot;ErrFile&quot;,&quot;err&quot;,[&quot;error.txt&quot;],[])" methodname="CanRecognizeStringOptions" classname="NUnitLite.Tests.CommandLineTests" runstate="Runnable" seed="94046958" result="Passed" start-time="2018-11-19 23:04:10Z" end-time="2018-11-19 23:04:10Z" duration="0.000431" asserts="4" />
            <test-case id="1153" name="CanRecognizeStringOptions(&quot;WorkDirectory&quot;,&quot;work&quot;,[&quot;results&quot;],[])" fullname="NUnitLite.Tests.CommandLineTests.CanRecognizeStringOptions(&quot;WorkDirectory&quot;,&quot;work&quot;,[&quot;results&quot;],[])" methodname="CanRecognizeStringOptions" classname="NUnitLite.Tests.CommandLineTests" runstate="Runnable" seed="435435748" result="Passed" start-time="2018-11-19 23:04:10Z" end-time="2018-11-19 23:04:10Z" duration="0.000648" asserts="4" />
            <test-case id="1154" name="CanRecognizeStringOptions(&quot;InternalTraceLevel&quot;,&quot;trace&quot;,[&quot;Off&quot;, &quot;Error&quot;, &quot;Warning&quot;, &quot;Info&quot;, &quot;Debug&quot;, ...],[&quot;JUNK&quot;])" fullname="NUnitLite.Tests.CommandLineTests.CanRecognizeStringOptions(&quot;InternalTraceLevel&quot;,&quot;trace&quot;,[&quot;Off&quot;, &quot;Error&quot;, &quot;Warning&quot;, &quot;Info&quot;, &quot;Debug&quot;, ...],[&quot;JUNK&quot;])" methodname="CanRecognizeStringOptions" classname="NUnitLite.Tests.CommandLineTests" runstate="Runnable" seed="1890125529" result="Passed" start-time="2018-11-19 23:04:10Z" end-time="2018-11-19 23:04:10Z" duration="0.000726" asserts="15" />
          </test-suite>
          <test-suite type="ParameterizedMethod" id="1169" name="CanRecognizeTestSelectionOptions" fullname="NUnitLite.Tests.CommandLineTests.CanRecognizeTestSelectionOptions" classname="NUnitLite.Tests.CommandLineTests" runstate="Runnable" testcasecount="6" result="Passed" start-time="2018-11-19 23:04:10Z" end-time="2018-11-19 23:04:10Z" duration="0.078490" total="6" passed="6" failed="0" warnings="0" inconclusive="0" skipped="0" asserts="18">
            <test-case id="1163" name="CanRecognizeTestSelectionOptions(&quot;TestList&quot;,&quot;--test=Some.Name.Space.TestFixture&quot;,&quot;Some.Name.Space.TestFixture&quot;)" fullname="NUnitLite.Tests.CommandLineTests.CanRecognizeTestSelectionOptions(&quot;TestList&quot;,&quot;--test=Some.Name.Space.TestFixture&quot;,&quot;Some.Name.Space.TestFixture&quot;)" methodname="CanRecognizeTestSelectionOptions" classname="NUnitLite.Tests.CommandLineTests" runstate="Runnable" seed="1884129614" result="Passed" start-time="2018-11-19 23:04:10Z" end-time="2018-11-19 23:04:10Z" duration="0.076826" asserts="3" />
            <test-case id="1164" name="CanRecognizeTestSelectionOptions(&quot;TestList&quot;,&quot;--test=A.B.C,E.F.G&quot;,&quot;A.B.C&quot;,&quot;E.F.G&quot;)" fullname="NUnitLite.Tests.CommandLineTests.CanRecognizeTestSelectionOptions(&quot;TestList&quot;,&quot;--test=A.B.C,E.F.G&quot;,&quot;A.B.C&quot;,&quot;E.F.G&quot;)" methodname="CanRecognizeTestSelectionOptions" classname="NUnitLite.Tests.CommandLineTests" runstate="Runnable" seed="133373373" result="Passed" start-time="2018-11-19 23:04:10Z" end-time="2018-11-19 23:04:10Z" duration="0.000222" asserts="3" />
            <test-case id="1165" name="CanRecognizeTestSelectionOptions(&quot;TestList&quot;,&quot;--test=A.B.C|--test=E.F.G&quot;,&quot;A.B.C&quot;,&quot;E.F.G&quot;)" fullname="NUnitLite.Tests.CommandLineTests.CanRecognizeTestSelectionOptions(&quot;TestList&quot;,&quot;--test=A.B.C|--test=E.F.G&quot;,&quot;A.B.C&quot;,&quot;E.F.G&quot;)" methodname="CanRecognizeTestSelectionOptions" classname="NUnitLite.Tests.CommandLineTests" runstate="Runnable" seed="23535959" result="Passed" start-time="2018-11-19 23:04:10Z" end-time="2018-11-19 23:04:10Z" duration="0.000144" asserts="3" />
            <test-case id="1166" name="CanRecognizeTestSelectionOptions(&quot;PreFilters&quot;,&quot;--prefilter=Some.Name.Space.TestFixture&quot;,&quot;Some.Name.Space.TestFixture&quot;)" fullname="NUnitLite.Tests.CommandLineTests.CanRecognizeTestSelectionOptions(&quot;PreFilters&quot;,&quot;--prefilter=Some.Name.Space.TestFixture&quot;,&quot;Some.Name.Space.TestFixture&quot;)" methodname="CanRecognizeTestSelectionOptions" classname="NUnitLite.Tests.CommandLineTests" runstate="Runnable" seed="438558028" result="Passed" start-time="2018-11-19 23:04:10Z" end-time="2018-11-19 23:04:10Z" duration="0.000783" asserts="3" />
            <test-case id="1167" name="CanRecognizeTestSelectionOptions(&quot;PreFilters&quot;,&quot;--prefilter=A.B.C,E.F.G&quot;,&quot;A.B.C&quot;,&quot;E.F.G&quot;)" fullname="NUnitLite.Tests.CommandLineTests.CanRecognizeTestSelectionOptions(&quot;PreFilters&quot;,&quot;--prefilter=A.B.C,E.F.G&quot;,&quot;A.B.C&quot;,&quot;E.F.G&quot;)" methodname="CanRecognizeTestSelectionOptions" classname="NUnitLite.Tests.CommandLineTests" runstate="Runnable" seed="1500943948" result="Passed" start-time="2018-11-19 23:04:10Z" end-time="2018-11-19 23:04:10Z" duration="0.000184" asserts="3" />
            <test-case id="1168" name="CanRecognizeTestSelectionOptions(&quot;PreFilters&quot;,&quot;--prefilter=A.B.C|--prefilter=E.F.G&quot;,&quot;A.B.C&quot;,&quot;E.F.G&quot;)" fullname="NUnitLite.Tests.CommandLineTests.CanRecognizeTestSelectionOptions(&quot;PreFilters&quot;,&quot;--prefilter=A.B.C|--prefilter=E.F.G&quot;,&quot;A.B.C&quot;,&quot;E.F.G&quot;)" methodname="CanRecognizeTestSelectionOptions" classname="NUnitLite.Tests.CommandLineTests" runstate="Runnable" seed="2012377348" result="Passed" start-time="2018-11-19 23:04:10Z" end-time="2018-11-19 23:04:10Z" duration="0.000144" asserts="3" />
          </test-suite>
          <test-case id="1194" name="DefaultResultSpecification" fullname="NUnitLite.Tests.CommandLineTests.DefaultResultSpecification" methodname="DefaultResultSpecification" classname="NUnitLite.Tests.CommandLineTests" runstate="Runnable" seed="205885468" result="Passed" start-time="2018-11-19 23:04:10Z" end-time="2018-11-19 23:04:10Z" duration="0.001208" asserts="3" />
          <test-case id="1214" name="DisplayTestParameters" fullname="NUnitLite.Tests.CommandLineTests.DisplayTestParameters" methodname="DisplayTestParameters" classname="NUnitLite.Tests.CommandLineTests" runstate="Runnable" seed="1254391609" result="Passed" start-time="2018-11-19 23:04:10Z" end-time="2018-11-19 23:04:10Z" duration="0.001605" asserts="0">
            <output><![CDATA[No Test Parameters were passed
]]></output>
          </test-case>
          <test-case id="1199" name="ExploreOptionWithFilePath" fullname="NUnitLite.Tests.CommandLineTests.ExploreOptionWithFilePath" methodname="ExploreOptionWithFilePath" classname="NUnitLite.Tests.CommandLineTests" runstate="Runnable" seed="5928606" result="Passed" start-time="2018-11-19 23:04:10Z" end-time="2018-11-19 23:04:10Z" duration="0.002569" asserts="4" />
          <test-case id="1200" name="ExploreOptionWithFilePathAndFormat" fullname="NUnitLite.Tests.CommandLineTests.ExploreOptionWithFilePathAndFormat" methodname="ExploreOptionWithFilePathAndFormat" classname="NUnitLite.Tests.CommandLineTests" runstate="Runnable" seed="1389595733" result="Passed" start-time="2018-11-19 23:04:10Z" end-time="2018-11-19 23:04:10Z" duration="0.001081" asserts="4" />
          <test-case id="1201" name="ExploreOptionWithFilePathUsingEqualSign" fullname="NUnitLite.Tests.CommandLineTests.ExploreOptionWithFilePathUsingEqualSign" methodname="ExploreOptionWithFilePathUsingEqualSign" classname="NUnitLite.Tests.CommandLineTests" runstate="Runnable" seed="1701921329" result="Passed" start-time="2018-11-19 23:04:10Z" end-time="2018-11-19 23:04:10Z" duration="0.000752" asserts="3" />
          <test-case id="1198" name="ExploreOptionWithoutPath" fullname="NUnitLite.Tests.CommandLineTests.ExploreOptionWithoutPath" methodname="ExploreOptionWithoutPath" classname="NUnitLite.Tests.CommandLineTests" runstate="Runnable" seed="1951112413" result="Passed" start-time="2018-11-19 23:04:10Z" end-time="2018-11-19 23:04:10Z" duration="0.000571" asserts="2" />
          <test-case id="1189" name="FileNameWithoutResultOptionLooksLikeParameter" fullname="NUnitLite.Tests.CommandLineTests.FileNameWithoutResultOptionLooksLikeParameter" methodname="FileNameWithoutResultOptionLooksLikeParameter" classname="NUnitLite.Tests.CommandLineTests" runstate="Runnable" seed="1912435445" result="Passed" start-time="2018-11-19 23:04:10Z" end-time="2018-11-19 23:04:10Z" duration="0.000814" asserts="3" />
          <test-suite type="ParameterizedMethod" id="1113" name="GetArgsFromCommandLine" fullname="NUnitLite.Tests.CommandLineTests.GetArgsFromCommandLine" classname="NUnitLite.Tests.CommandLineTests" runstate="Runnable" testcasecount="23" result="Passed" start-time="2018-11-19 23:04:10Z" end-time="2018-11-19 23:04:10Z" duration="0.319283" total="23" passed="23" failed="0" warnings="0" inconclusive="0" skipped="0" asserts="23">
            <test-case id="1090" name="GetArgsFromCommandLine(&quot;--arg&quot;,&quot;--arg&quot;)" fullname="NUnitLite.Tests.CommandLineTests.GetArgsFromCommandLine(&quot;--arg&quot;,&quot;--arg&quot;)" methodname="GetArgsFromCommandLine" classname="NUnitLite.Tests.CommandLineTests" runstate="Runnable" seed="68666544" result="Passed" start-time="2018-11-19 23:04:10Z" end-time="2018-11-19 23:04:10Z" duration="0.308797" asserts="1" />
[...]
          <test-suite type="ParameterizedMethod" id="1265" name="CultureInfo_HasRequiredAttribute" fullname="NUnitLite.Tests.NUnit2XmlOutputWriterTests.CultureInfo_HasRequiredAttribute" classname="NUnitLite.Tests.NUnit2XmlOutputWriterTests" runstate="Runnable" testcasecount="2" result="Passed" start-time="2018-11-19 23:04:12Z" end-time="2018-11-19 23:04:12Z" duration="0.020201" total="2" passed="2" failed="0" warnings="0" inconclusive="0" skipped="0" asserts="4">
            <test-case id="1263" name="CultureInfo_HasRequiredAttribute(&quot;current-culture&quot;)" fullname="NUnitLite.Tests.NUnit2XmlOutputWriterTests.CultureInfo_HasRequiredAttribute(&quot;current-culture&quot;)" methodname="CultureInfo_HasRequiredAttribute" classname="NUnitLite.Tests.NUnit2XmlOutputWriterTests" runstate="Runnable" seed="689084835" result="Passed" start-time="2018-11-19 23:04:12Z" end-time="2018-11-19 23:04:12Z" duration="0.020014" asserts="2" />
            <test-case id="1264" name="CultureInfo_HasRequiredAttribute(&quot;current-uiculture&quot;)" fullname="NUnitLite.Tests.NUnit2XmlOutputWriterTests.CultureInfo_HasRequiredAttribute(&quot;current-uiculture&quot;)" methodname="CultureInfo_HasRequiredAttribute" classname="NUnitLite.Tests.NUnit2XmlOutputWriterTests" runstate="Runnable" seed="1443811028" result="Passed" start-time="2018-11-19 23:04:12Z" end-time="2018-11-19 23:04:12Z" duration="0.000082" asserts="2" />
          </test-suite>
          <test-case id="1236" name="Document_FirstChildIsXmlDeclaration" fullname="NUnitLite.Tests.NUnit2XmlOutputWriterTests.Document_FirstChildIsXmlDeclaration" methodname="Document_FirstChildIsXmlDeclaration" classname="NUnitLite.Tests.NUnit2XmlOutputWriterTests" runstate="Runnable" seed="2126087062" result="Passed" start-time="2018-11-19 23:04:12Z" end-time="2018-11-19 23:04:12Z" duration="0.004475" asserts="2" />
          <test-case id="1239" name="Document_HasTestResults" fullname="NUnitLite.Tests.NUnit2XmlOutputWriterTests.Document_HasTestResults" methodname="Document_HasTestResults" classname="NUnitLite.Tests.NUnit2XmlOutputWriterTests" runstate="Runnable" seed="322637772" result="Passed" start-time="2018-11-19 23:04:12Z" end-time="2018-11-19 23:04:12Z" duration="0.000869" asserts="2" />
          <test-case id="1235" name="Document_HasThreeChildren" fullname="NUnitLite.Tests.NUnit2XmlOutputWriterTests.Document_HasThreeChildren" methodname="Document_HasThreeChildren" classname="NUnitLite.Tests.NUnit2XmlOutputWriterTests" runstate="Runnable" seed="1893672423" result="Passed" start-time="2018-11-19 23:04:12Z" end-time="2018-11-19 23:04:12Z" duration="0.000404" asserts="1" />
          <test-case id="1237" name="Document_SecondChildIsComment" fullname="NUnitLite.Tests.NUnit2XmlOutputWriterTests.Document_SecondChildIsComment" methodname="Document_SecondChildIsComment" classname="NUnitLite.Tests.NUnit2XmlOutputWriterTests" runstate="Runnable" seed="607754267" result="Passed" start-time="2018-11-19 23:04:12Z" end-time="2018-11-19 23:04:12Z" duration="0.000533" asserts="1" />
          <test-case id="1238" name="Document_ThirdChildIsTestResults" fullname="NUnitLite.Tests.NUnit2XmlOutputWriterTests.Document_ThirdChildIsTestResults" methodname="Document_ThirdChildIsTestResults" classname="NUnitLite.Tests.NUnit2XmlOutputWriterTests" runstate="Runnable" seed="579631945" result="Passed" start-time="2018-11-19 23:04:12Z" end-time="2018-11-19 23:04:12Z" duration="0.000536" asserts="1" />
          <test-case id="1252" name="Environment_HasEnvironmentElement" fullname="NUnitLite.Tests.NUnit2XmlOutputWriterTests.Environment_HasEnvironmentElement" methodname="Environment_HasEnvironmentElement" classname="NUnitLite.Tests.NUnit2XmlOutputWriterTests" runstate="Runnable" seed="1664436657" result="Passed" start-time="2018-11-19 23:04:12Z" end-time="2018-11-19 23:04:12Z" duration="0.000569" asserts="1" />
          <test-suite type="ParameterizedMethod" id="1261" name="Environment_HasRequiredAttribute" fullname="NUnitLite.Tests.NUnit2XmlOutputWriterTests.Environment_HasRequiredAttribute" classname="NUnitLite.Tests.NUnit2XmlOutputWriterTests" runstate="Runnable" testcasecount="8" result="Passed" start-time="2018-11-19 23:04:12Z" end-time="2018-11-19 23:04:12Z" duration="0.001260" total="8" passed="8" failed="0" warnings="0" inconclusive="0" skipped="0" asserts="8">
            <test-case id="1253" name="Environment_HasRequiredAttribute(&quot;nunit-version&quot;)" fullname="NUnitLite.Tests.NUnit2XmlOutputWriterTests.Environment_HasRequiredAttribute(&quot;nunit-version&quot;)" methodname="Environment_HasRequiredAttribute" classname="NUnitLite.Tests.NUnit2XmlOutputWriterTests" runstate="Runnable" seed="1593703461" result="Passed" start-time="2018-11-19 23:04:12Z" end-time="2018-11-19 23:04:12Z" duration="0.000215" asserts="1" />
            <test-case id="1254" name="Environment_HasRequiredAttribute(&quot;clr-version&quot;)" fullname="NUnitLite.Tests.NUnit2XmlOutputWriterTests.Environment_HasRequiredAttribute(&quot;clr-version&quot;)" methodname="Environment_HasRequiredAttribute" classname="NUnitLite.Tests.NUnit2XmlOutputWriterTests" runstate="Runnable" seed="1056099151" result="Passed" start-time="2018-11-19 23:04:12Z" end-time="2018-11-19 23:04:12Z" duration="0.000079" asserts="1" />
            <test-case id="1255" name="Environment_HasRequiredAttribute(&quot;os-version&quot;)" fullname="NUnitLite.Tests.NUnit2XmlOutputWriterTests.Environment_HasRequiredAttribute(&quot;os-version&quot;)" methodname="Environment_HasRequiredAttribute" classname="NUnitLite.Tests.NUnit2XmlOutputWriterTests" runstate="Runnable" seed="1774563199" result="Passed" start-time="2018-11-19 23:04:12Z" end-time="2018-11-19 23:04:12Z" duration="0.000065" asserts="1" />
            <test-case id="1256" name="Environment_HasRequiredAttribute(&quot;platform&quot;)" fullname="NUnitLite.Tests.NUnit2XmlOutputWriterTests.Environment_HasRequiredAttribute(&quot;platform&quot;)" methodname="Environment_HasRequiredAttribute" classname="NUnitLite.Tests.NUnit2XmlOutputWriterTests" runstate="Runnable" seed="1823523892" result="Passed" start-time="2018-11-19 23:04:12Z" end-time="2018-11-19 23:04:12Z" duration="0.000064" asserts="1" />
            <test-case id="1257" name="Environment_HasRequiredAttribute(&quot;cwd&quot;)" fullname="NUnitLite.Tests.NUnit2XmlOutputWriterTests.Environment_HasRequiredAttribute(&quot;cwd&quot;)" methodname="Environment_HasRequiredAttribute" classname="NUnitLite.Tests.NUnit2XmlOutputWriterTests" runstate="Runnable" seed="776765763" result="Passed" start-time="2018-11-19 23:04:12Z" end-time="2018-11-19 23:04:12Z" duration="0.000066" asserts="1" />
            <test-case id="1258" name="Environment_HasRequiredAttribute(&quot;machine-name&quot;)" fullname="NUnitLite.Tests.NUnit2XmlOutputWriterTests.Environment_HasRequiredAttribute(&quot;machine-name&quot;)" methodname="Environment_HasRequiredAttribute" classname="NUnitLite.Tests.NUnit2XmlOutputWriterTests" runstate="Runnable" seed="850897160" result="Passed" start-time="2018-11-19 23:04:12Z" end-time="2018-11-19 23:04:12Z" duration="0.000078" asserts="1" />
            <test-case id="1259" name="Environment_HasRequiredAttribute(&quot;user&quot;)" fullname="NUnitLite.Tests.NUnit2XmlOutputWriterTests.Environment_HasRequiredAttribute(&quot;user&quot;)" methodname="Environment_HasRequiredAttribute" classname="NUnitLite.Tests.NUnit2XmlOutputWriterTests" runstate="Runnable" seed="1763472678" result="Passed" start-time="2018-11-19 23:04:12Z" end-time="2018-11-19 23:04:12Z" duration="0.000179" asserts="1" />
            <test-case id="1260" name="Environment_HasRequiredAttribute(&quot;user-domain&quot;)" fullname="NUnitLite.Tests.NUnit2XmlOutputWriterTests.Environment_HasRequiredAttribute(&quot;user-domain&quot;)" methodname="Environment_HasRequiredAttribute" classname="NUnitLite.Tests.NUnit2XmlOutputWriterTests" runstate="Runnable" seed="1712637739" result="Passed" start-time="2018-11-19 23:04:12Z" end-time="2018-11-19 23:04:12Z" duration="0.000185" asserts="1" />
          </test-suite>
          <test-case id="1240" name="TestResults_AssemblyPathIsCorrect" fullname="NUnitLite.Tests.NUnit2XmlOutputWriterTests.TestResults_AssemblyPathIsCorrect" methodname="TestResults_AssemblyPathIsCorrect" classname="NUnitLite.Tests.NUnit2XmlOutputWriterTests" runstate="Runnable" seed="1498422123" result="Passed" start-time="2018-11-19 23:04:12Z" end-time="2018-11-19 23:04:12Z" duration="0.000852" asserts="2" />
          <test-suite type="ParameterizedMethod" id="1249" name="TestResults_CounterIsCorrect" fullname="NUnitLite.Tests.NUnit2XmlOutputWriterTests.TestResults_CounterIsCorrect" classname="NUnitLite.Tests.NUnit2XmlOutputWriterTests" runstate="Runnable" testcasecount="8" result="Passed" start-time="2018-11-19 23:04:12Z" end-time="2018-11-19 23:04:12Z" duration="0.001900" total="8" passed="8" failed="0" warnings="0" inconclusive="0" skipped="0" asserts="16">
            <test-case id="1241" name="TestResults_CounterIsCorrect(&quot;total&quot;,10)" fullname="NUnitLite.Tests.NUnit2XmlOutputWriterTests.TestResults_CounterIsCorrect(&quot;total&quot;,10)" methodname="TestResults_CounterIsCorrect" classname="NUnitLite.Tests.NUnit2XmlOutputWriterTests" runstate="Runnable" seed="1702798507" result="Passed" start-time="2018-11-19 23:04:12Z" end-time="2018-11-19 23:04:12Z" duration="0.000800" asserts="2" />
            <test-case id="1242" name="TestResults_CounterIsCorrect(&quot;errors&quot;,1)" fullname="NUnitLite.Tests.NUnit2XmlOutputWriterTests.TestResults_CounterIsCorrect(&quot;errors&quot;,1)" methodname="TestResults_CounterIsCorrect" classname="NUnitLite.Tests.NUnit2XmlOutputWriterTests" runstate="Runnable" seed="767447627" result="Passed" start-time="2018-11-19 23:04:12Z" end-time="2018-11-19 23:04:12Z" duration="0.000128" asserts="2" />
            <test-case id="1243" name="TestResults_CounterIsCorrect(&quot;failures&quot;,1)" fullname="NUnitLite.Tests.NUnit2XmlOutputWriterTests.TestResults_CounterIsCorrect(&quot;failures&quot;,1)" methodname="TestResults_CounterIsCorrect" classname="NUnitLite.Tests.NUnit2XmlOutputWriterTests" runstate="Runnable" seed="189332212" result="Passed" start-time="2018-11-19 23:04:12Z" end-time="2018-11-19 23:04:12Z" duration="0.000112" asserts="2" />
            <test-case id="1244" name="TestResults_CounterIsCorrect(&quot;inconclusive&quot;,1)" fullname="NUnitLite.Tests.NUnit2XmlOutputWriterTests.TestResults_CounterIsCorrect(&quot;inconclusive&quot;,1)" methodname="TestResults_CounterIsCorrect" classname="NUnitLite.Tests.NUnit2XmlOutputWriterTests" runstate="Runnable" seed="625679014" result="Passed" start-time="2018-11-19 23:04:12Z" end-time="2018-11-19 23:04:12Z" duration="0.000170" asserts="2" />
            <test-case id="1245" name="TestResults_CounterIsCorrect(&quot;not-run&quot;,3)" fullname="NUnitLite.Tests.NUnit2XmlOutputWriterTests.TestResults_CounterIsCorrect(&quot;not-run&quot;,3)" methodname="TestResults_CounterIsCorrect" classname="NUnitLite.Tests.NUnit2XmlOutputWriterTests" runstate="Runnable" seed="962705072" result="Passed" start-time="2018-11-19 23:04:12Z" end-time="2018-11-19 23:04:12Z" duration="0.000113" asserts="2" />
            <test-case id="1246" name="TestResults_CounterIsCorrect(&quot;ignored&quot;,1)" fullname="NUnitLite.Tests.NUnit2XmlOutputWriterTests.TestResults_CounterIsCorrect(&quot;ignored&quot;,1)" methodname="TestResults_CounterIsCorrect" classname="NUnitLite.Tests.NUnit2XmlOutputWriterTests" runstate="Runnable" seed="1695345714" result="Passed" start-time="2018-11-19 23:04:12Z" end-time="2018-11-19 23:04:12Z" duration="0.000113" asserts="2" />
            <test-case id="1247" name="TestResults_CounterIsCorrect(&quot;skipped&quot;,0)" fullname="NUnitLite.Tests.NUnit2XmlOutputWriterTests.TestResults_CounterIsCorrect(&quot;skipped&quot;,0)" methodname="TestResults_CounterIsCorrect" classname="NUnitLite.Tests.NUnit2XmlOutputWriterTests" runstate="Runnable" seed="681740248" result="Passed" start-time="2018-11-19 23:04:12Z" end-time="2018-11-19 23:04:12Z" duration="0.000112" asserts="2" />
            <test-case id="1248" name="TestResults_CounterIsCorrect(&quot;invalid&quot;,2)" fullname="NUnitLite.Tests.NUnit2XmlOutputWriterTests.TestResults_CounterIsCorrect(&quot;invalid&quot;,2)" methodname="TestResults_CounterIsCorrect" classname="NUnitLite.Tests.NUnit2XmlOutputWriterTests" runstate="Runnable" seed="1295526221" result="Passed" start-time="2018-11-19 23:04:12Z" end-time="2018-11-19 23:04:12Z" duration="0.000112" asserts="2" />
          </test-suite>
          <test-case id="1250" name="TestResults_HasValidDateAttribute" fullname="NUnitLite.Tests.NUnit2XmlOutputWriterTests.TestResults_HasValidDateAttribute" methodname="TestResults_HasValidDateAttribute" classname="NUnitLite.Tests.NUnit2XmlOutputWriterTests" runstate="Runnable" seed="1720272190" result="Passed" start-time="2018-11-19 23:04:12Z" end-time="2018-11-19 23:04:12Z" duration="0.080073" asserts="2" />
          <test-case id="1251" name="TestResults_HasValidTimeAttribute" fullname="NUnitLite.Tests.NUnit2XmlOutputWriterTests.TestResults_HasValidTimeAttribute" methodname="TestResults_HasValidTimeAttribute" classname="NUnitLite.Tests.NUnit2XmlOutputWriterTests" runstate="Runnable" seed="1633362243" result="Passed" start-time="2018-11-19 23:04:12Z" end-time="2018-11-19 23:04:12Z" duration="0.005348" asserts="2" />
          <test-suite type="ParameterizedMethod" id="1274" name="TestSuite_ExpectedAttribute" fullname="NUnitLite.Tests.NUnit2XmlOutputWriterTests.TestSuite_ExpectedAttribute" classname="NUnitLite.Tests.NUnit2XmlOutputWriterTests" runstate="Runnable" testcasecount="7" result="Passed" start-time="2018-11-19 23:04:12Z" end-time="2018-11-19 23:04:12Z" duration="0.006349" total="7" passed="7" failed="0" warnings="0" inconclusive="0" skipped="0" asserts="14">
            <test-case id="1267" name="TestSuite_ExpectedAttribute(&quot;type&quot;,&quot;TestFixture&quot;)" fullname="NUnitLite.Tests.NUnit2XmlOutputWriterTests.TestSuite_ExpectedAttribute(&quot;type&quot;,&quot;TestFixture&quot;)" methodname="TestSuite_ExpectedAttribute" classname="NUnitLite.Tests.NUnit2XmlOutputWriterTests" runstate="Runnable" seed="970161747" result="Passed" start-time="2018-11-19 23:04:12Z" end-time="2018-11-19 23:04:12Z" duration="0.004021" asserts="2" />
            <test-case id="1268" name="TestSuite_ExpectedAttribute(&quot;name&quot;,&quot;MockTestFixture&quot;)" fullname="NUnitLite.Tests.NUnit2XmlOutputWriterTests.TestSuite_ExpectedAttribute(&quot;name&quot;,&quot;MockTestFixture&quot;)" methodname="TestSuite_ExpectedAttribute" classname="NUnitLite.Tests.NUnit2XmlOutputWriterTests" runstate="Runnable" seed="1345729554" result="Passed" start-time="2018-11-19 23:04:12Z" end-time="2018-11-19 23:04:12Z" duration="0.000231" asserts="2" />
            <test-case id="1269" name="TestSuite_ExpectedAttribute(&quot;description&quot;,&quot;Fake Test Fixture&quot;)" fullname="NUnitLite.Tests.NUnit2XmlOutputWriterTests.TestSuite_ExpectedAttribute(&quot;description&quot;,&quot;Fake Test Fixture&quot;)" methodname="TestSuite_ExpectedAttribute" classname="NUnitLite.Tests.NUnit2XmlOutputWriterTests" runstate="Runnable" seed="2077057031" result="Passed" start-time="2018-11-19 23:04:12Z" end-time="2018-11-19 23:04:12Z" duration="0.000239" asserts="2" />
            <test-case id="1270" name="TestSuite_ExpectedAttribute(&quot;executed&quot;,&quot;True&quot;)" fullname="NUnitLite.Tests.NUnit2XmlOutputWriterTests.TestSuite_ExpectedAttribute(&quot;executed&quot;,&quot;True&quot;)" methodname="TestSuite_ExpectedAttribute" classname="NUnitLite.Tests.NUnit2XmlOutputWriterTests" runstate="Runnable" seed="2087204740" result="Passed" start-time="2018-11-19 23:04:12Z" end-time="2018-11-19 23:04:12Z" duration="0.000166" asserts="2" />
            <test-case id="1271" name="TestSuite_ExpectedAttribute(&quot;result&quot;,&quot;Failure&quot;)" fullname="NUnitLite.Tests.NUnit2XmlOutputWriterTests.TestSuite_ExpectedAttribute(&quot;result&quot;,&quot;Failure&quot;)" methodname="TestSuite_ExpectedAttribute" classname="NUnitLite.Tests.NUnit2XmlOutputWriterTests" runstate="Runnable" seed="680105308" result="Passed" start-time="2018-11-19 23:04:12Z" end-time="2018-11-19 23:04:12Z" duration="0.000213" asserts="2" />
            <test-case id="1272" name="TestSuite_ExpectedAttribute(&quot;success&quot;,&quot;False&quot;)" fullname="NUnitLite.Tests.NUnit2XmlOutputWriterTests.TestSuite_ExpectedAttribute(&quot;success&quot;,&quot;False&quot;)" methodname="TestSuite_ExpectedAttribute" classname="NUnitLite.Tests.NUnit2XmlOutputWriterTests" runstate="Runnable" seed="1377431907" result="Passed" start-time="2018-11-19 23:04:12Z" end-time="2018-11-19 23:04:12Z" duration="0.000213" asserts="2" />
            <test-case id="1273" name="TestSuite_ExpectedAttribute(&quot;asserts&quot;,&quot;0&quot;)" fullname="NUnitLite.Tests.NUnit2XmlOutputWriterTests.TestSuite_ExpectedAttribute(&quot;asserts&quot;,&quot;0&quot;)" methodname="TestSuite_ExpectedAttribute" classname="NUnitLite.Tests.NUnit2XmlOutputWriterTests" runstate="Runnable" seed="1700974066" result="Passed" start-time="2018-11-19 23:04:12Z" end-time="2018-11-19 23:04:12Z" duration="0.000691" asserts="2" />
          </test-suite>
          <test-case id="1266" name="TestSuite_HasTestSuiteElement" fullname="NUnitLite.Tests.NUnit2XmlOutputWriterTests.TestSuite_HasTestSuiteElement" methodname="TestSuite_HasTestSuiteElement" classname="NUnitLite.Tests.NUnit2XmlOutputWriterTests" runstate="Runnable" seed="1306209055" result="Passed" start-time="2018-11-19 23:04:12Z" end-time="2018-11-19 23:04:12Z" duration="0.001364" asserts="1" />
          <test-case id="1275" name="TestSuite_HasValidTimeAttribute" fullname="NUnitLite.Tests.NUnit2XmlOutputWriterTests.TestSuite_HasValidTimeAttribute" methodname="TestSuite_HasValidTimeAttribute" classname="NUnitLite.Tests.NUnit2XmlOutputWriterTests" runstate="Runnable" seed="856458713" result="Passed" start-time="2018-11-19 23:04:12Z" end-time="2018-11-19 23:04:12Z" duration="0.001106" asserts="2" />
          <test-case id="1276" name="TestSuite_ResultIsFailure" fullname="NUnitLite.Tests.NUnit2XmlOutputWriterTests.TestSuite_ResultIsFailure" methodname="TestSuite_ResultIsFailure" classname="NUnitLite.Tests.NUnit2XmlOutputWriterTests" runstate="Runnable" seed="1292428776" result="Passed" start-time="2018-11-19 23:04:12Z" end-time="2018-11-19 23:04:12Z" duration="0.000190" asserts="0" />
        </test-suite>
        <test-suite type="TestFixture" id="1277" name="SchemaTests" fullname="NUnitLite.Tests.SchemaTests" classname="NUnitLite.Tests.SchemaTests" runstate="Runnable" testcasecount="2" result="Passed" start-time="2018-11-19 23:04:10Z" end-time="2018-11-19 23:04:12Z" duration="2.176672" total="2" passed="2" failed="0" warnings="0" inconclusive="0" skipped="0" asserts="0">
          <test-case id="1278" name="TestResultSchemaIsValid" fullname="NUnitLite.Tests.SchemaTests.TestResultSchemaIsValid" methodname="TestResultSchemaIsValid" classname="NUnitLite.Tests.SchemaTests" runstate="Runnable" seed="1771865137" result="Passed" start-time="2018-11-19 23:04:10Z" end-time="2018-11-19 23:04:12Z" duration="1.326089" asserts="0" />
          <test-case id="1279" name="TestResultSchemaMatches" fullname="NUnitLite.Tests.SchemaTests.TestResultSchemaMatches" methodname="TestResultSchemaMatches" classname="NUnitLite.Tests.SchemaTests" runstate="Runnable" seed="552472284" result="Passed" start-time="2018-11-19 23:04:12Z" end-time="2018-11-19 23:04:12Z" duration="0.849703" asserts="0" />
        </test-suite>
      </test-suite>
    </test-suite>
  </test-suite>
</test-run>